2024-02-22T18:58:05.809Z [Modules] Modules initializing
2024-02-22T18:58:05.809Z [Modules] Distribution: remote
2024-02-22T18:58:05.809Z [Modules] Host updates: enabled
2024-02-22T18:58:05.809Z [Modules] Module updates: enabled
2024-02-22T18:58:05.810Z [Modules] Module install path: /home/kris/.config/discord/0.0.43/modules
2024-02-22T18:58:05.810Z [Modules] Module installed file path: /home/kris/.config/discord/0.0.43/modules/installed.json
2024-02-22T18:58:05.811Z [Modules] Module download path: /home/kris/.config/discord/0.0.43/modules/pending
2024-02-22T18:58:06.155Z [Modules] Bootstrapping...
2024-02-22T18:58:06.159Z [Modules] Installing discord_desktop_core@0 from /opt/discord/resources/bootstrap/discord_desktop_core.zip
2024-02-22T18:58:06.172Z [Modules] Failed installing discord_desktop_core@0: Error: ENOENT: no such file or directory, open '/opt/discord/resources/bootstrap/discord_desktop_core.zip'
2024-02-22T18:58:06.175Z [Modules] Installing discord_erlpack@0 from /opt/discord/resources/bootstrap/discord_erlpack.zip
2024-02-22T18:58:06.177Z [Modules] Failed installing discord_erlpack@0: Error: ENOENT: no such file or directory, open '/opt/discord/resources/bootstrap/discord_erlpack.zip'
2024-02-22T18:58:06.178Z [Modules] Installing discord_spellcheck@0 from /opt/discord/resources/bootstrap/discord_spellcheck.zip
2024-02-22T18:58:06.181Z [Modules] Failed installing discord_spellcheck@0: Error: ENOENT: no such file or directory, open '/opt/discord/resources/bootstrap/discord_spellcheck.zip'
2024-02-22T18:58:06.183Z [Modules] Installing discord_utils@0 from /opt/discord/resources/bootstrap/discord_utils.zip
2024-02-22T18:58:06.185Z [Modules] Failed installing discord_utils@0: Error: ENOENT: no such file or directory, open '/opt/discord/resources/bootstrap/discord_utils.zip'
2024-02-22T18:58:06.186Z [Modules] Installing discord_voice@0 from /opt/discord/resources/bootstrap/discord_voice.zip
2024-02-22T18:58:06.188Z [Modules] Failed installing discord_voice@0: Error: ENOENT: no such file or directory, open '/opt/discord/resources/bootstrap/discord_voice.zip'
2024-02-22T18:58:06.189Z [Modules] Finished module installations. [success: 0] [failure: 5]
2024-02-22T18:58:06.189Z [Modules] Checking for host updates.
2024-02-22T18:58:06.445Z [Modules] Host is up to date.
2024-02-22T18:58:06.445Z [Modules] Checking for module updates at https://discord.com/api/modules/stable/versions.json
2024-02-22T18:58:06.523Z [Modules] Module update available: discord_desktop_core@1 [installed: 0]
2024-02-22T18:58:06.523Z [Modules] Module update available: discord_erlpack@1 [installed: 0]
2024-02-22T18:58:06.524Z [Modules] Module update available: discord_spellcheck@1 [installed: 0]
2024-02-22T18:58:06.524Z [Modules] Module update available: discord_utils@1 [installed: 0]
2024-02-22T18:58:06.524Z [Modules] Module update available: discord_voice@1 [installed: 0]
2024-02-22T18:58:06.524Z [Modules] Fetching discord_desktop_core@1 from https://discord.com/api/modules/stable/discord_desktop_core/1
2024-02-22T18:58:06.525Z [Modules] Streaming discord_desktop_core@1 to /home/kris/.config/discord/0.0.43/modules/pending/discord_desktop_core-1.zip
2024-02-22T18:58:06.657Z [Modules] Streaming discord_desktop_core@1 to /home/kris/.config/discord/0.0.43/modules/pending/discord_desktop_core-1.zip: 2%
2024-02-22T18:58:06.659Z [Modules] Streaming discord_desktop_core@1 to /home/kris/.config/discord/0.0.43/modules/pending/discord_desktop_core-1.zip: 3%
2024-02-22T18:58:06.661Z [Modules] Streaming discord_desktop_core@1 to /home/kris/.config/discord/0.0.43/modules/pending/discord_desktop_core-1.zip: 8%
2024-02-22T18:58:06.664Z [Modules] Streaming discord_desktop_core@1 to /home/kris/.config/discord/0.0.43/modules/pending/discord_desktop_core-1.zip: 11%
2024-02-22T18:58:06.667Z [Modules] Streaming discord_desktop_core@1 to /home/kris/.config/discord/0.0.43/modules/pending/discord_desktop_core-1.zip: 21%
2024-02-22T18:58:06.679Z [Modules] Streaming discord_desktop_core@1 to /home/kris/.config/discord/0.0.43/modules/pending/discord_desktop_core-1.zip: 24%
2024-02-22T18:58:06.681Z [Modules] Streaming discord_desktop_core@1 to /home/kris/.config/discord/0.0.43/modules/pending/discord_desktop_core-1.zip: 31%
2024-02-22T18:58:06.684Z [Modules] Streaming discord_desktop_core@1 to /home/kris/.config/discord/0.0.43/modules/pending/discord_desktop_core-1.zip: 33%
2024-02-22T18:58:06.692Z [Modules] Streaming discord_desktop_core@1 to /home/kris/.config/discord/0.0.43/modules/pending/discord_desktop_core-1.zip: 36%
2024-02-22T18:58:06.694Z [Modules] Streaming discord_desktop_core@1 to /home/kris/.config/discord/0.0.43/modules/pending/discord_desktop_core-1.zip: 39%
2024-02-22T18:58:06.697Z [Modules] Streaming discord_desktop_core@1 to /home/kris/.config/discord/0.0.43/modules/pending/discord_desktop_core-1.zip: 45%
2024-02-22T18:58:06.700Z [Modules] Streaming discord_desktop_core@1 to /home/kris/.config/discord/0.0.43/modules/pending/discord_desktop_core-1.zip: 55%
2024-02-22T18:58:06.703Z [Modules] Streaming discord_desktop_core@1 to /home/kris/.config/discord/0.0.43/modules/pending/discord_desktop_core-1.zip: 57%
2024-02-22T18:58:06.707Z [Modules] Streaming discord_desktop_core@1 to /home/kris/.config/discord/0.0.43/modules/pending/discord_desktop_core-1.zip: 60%
2024-02-22T18:58:06.709Z [Modules] Streaming discord_desktop_core@1 to /home/kris/.config/discord/0.0.43/modules/pending/discord_desktop_core-1.zip: 63%
2024-02-22T18:58:06.710Z [Modules] Streaming discord_desktop_core@1 to /home/kris/.config/discord/0.0.43/modules/pending/discord_desktop_core-1.zip: 68%
2024-02-22T18:58:06.713Z [Modules] Streaming discord_desktop_core@1 to /home/kris/.config/discord/0.0.43/modules/pending/discord_desktop_core-1.zip: 71%
2024-02-22T18:58:06.715Z [Modules] Streaming discord_desktop_core@1 to /home/kris/.config/discord/0.0.43/modules/pending/discord_desktop_core-1.zip: 78%
2024-02-22T18:58:06.723Z [Modules] Streaming discord_desktop_core@1 to /home/kris/.config/discord/0.0.43/modules/pending/discord_desktop_core-1.zip: 83%
2024-02-22T18:58:06.726Z [Modules] Streaming discord_desktop_core@1 to /home/kris/.config/discord/0.0.43/modules/pending/discord_desktop_core-1.zip: 95%
2024-02-22T18:58:06.729Z [Modules] Streaming discord_desktop_core@1 to /home/kris/.config/discord/0.0.43/modules/pending/discord_desktop_core-1.zip: 100%
2024-02-22T18:58:06.734Z [Modules] Fetching discord_erlpack@1 from https://discord.com/api/modules/stable/discord_erlpack/1
2024-02-22T18:58:06.735Z [Modules] Streaming discord_erlpack@1 to /home/kris/.config/discord/0.0.43/modules/pending/discord_erlpack-1.zip
2024-02-22T18:58:06.904Z [Modules] Streaming discord_erlpack@1 to /home/kris/.config/discord/0.0.43/modules/pending/discord_erlpack-1.zip: 3%
2024-02-22T18:58:06.906Z [Modules] Streaming discord_erlpack@1 to /home/kris/.config/discord/0.0.43/modules/pending/discord_erlpack-1.zip: 11%
2024-02-22T18:58:06.909Z [Modules] Streaming discord_erlpack@1 to /home/kris/.config/discord/0.0.43/modules/pending/discord_erlpack-1.zip: 15%
2024-02-22T18:58:06.911Z [Modules] Streaming discord_erlpack@1 to /home/kris/.config/discord/0.0.43/modules/pending/discord_erlpack-1.zip: 23%
2024-02-22T18:58:06.919Z [Modules] Streaming discord_erlpack@1 to /home/kris/.config/discord/0.0.43/modules/pending/discord_erlpack-1.zip: 27%
2024-02-22T18:58:06.922Z [Modules] Streaming discord_erlpack@1 to /home/kris/.config/discord/0.0.43/modules/pending/discord_erlpack-1.zip: 31%
2024-02-22T18:58:06.924Z [Modules] Streaming discord_erlpack@1 to /home/kris/.config/discord/0.0.43/modules/pending/discord_erlpack-1.zip: 45%
2024-02-22T18:58:06.926Z [Modules] Streaming discord_erlpack@1 to /home/kris/.config/discord/0.0.43/modules/pending/discord_erlpack-1.zip: 47%
2024-02-22T18:58:06.928Z [Modules] Streaming discord_erlpack@1 to /home/kris/.config/discord/0.0.43/modules/pending/discord_erlpack-1.zip: 51%
2024-02-22T18:58:06.929Z [Modules] Streaming discord_erlpack@1 to /home/kris/.config/discord/0.0.43/modules/pending/discord_erlpack-1.zip: 59%
2024-02-22T18:58:06.934Z [Modules] Streaming discord_erlpack@1 to /home/kris/.config/discord/0.0.43/modules/pending/discord_erlpack-1.zip: 64%
2024-02-22T18:58:06.938Z [Modules] Streaming discord_erlpack@1 to /home/kris/.config/discord/0.0.43/modules/pending/discord_erlpack-1.zip: 74%
2024-02-22T18:58:06.944Z [Modules] Streaming discord_erlpack@1 to /home/kris/.config/discord/0.0.43/modules/pending/discord_erlpack-1.zip: 78%
2024-02-22T18:58:06.946Z [Modules] Streaming discord_erlpack@1 to /home/kris/.config/discord/0.0.43/modules/pending/discord_erlpack-1.zip: 84%
2024-02-22T18:58:06.948Z [Modules] Streaming discord_erlpack@1 to /home/kris/.config/discord/0.0.43/modules/pending/discord_erlpack-1.zip: 87%
2024-02-22T18:58:06.953Z [Modules] Streaming discord_erlpack@1 to /home/kris/.config/discord/0.0.43/modules/pending/discord_erlpack-1.zip: 90%
2024-02-22T18:58:06.956Z [Modules] Streaming discord_erlpack@1 to /home/kris/.config/discord/0.0.43/modules/pending/discord_erlpack-1.zip: 100%
2024-02-22T18:58:06.959Z [Modules] Fetching discord_spellcheck@1 from https://discord.com/api/modules/stable/discord_spellcheck/1
2024-02-22T18:58:06.959Z [Modules] Streaming discord_spellcheck@1 to /home/kris/.config/discord/0.0.43/modules/pending/discord_spellcheck-1.zip
2024-02-22T18:58:07.049Z [Modules] Streaming discord_spellcheck@1 to /home/kris/.config/discord/0.0.43/modules/pending/discord_spellcheck-1.zip: 1%
2024-02-22T18:58:07.053Z [Modules] Streaming discord_spellcheck@1 to /home/kris/.config/discord/0.0.43/modules/pending/discord_spellcheck-1.zip: 2%
2024-02-22T18:58:07.057Z [Modules] Streaming discord_spellcheck@1 to /home/kris/.config/discord/0.0.43/modules/pending/discord_spellcheck-1.zip: 4%
2024-02-22T18:58:07.060Z [Modules] Streaming discord_spellcheck@1 to /home/kris/.config/discord/0.0.43/modules/pending/discord_spellcheck-1.zip: 6%
2024-02-22T18:58:07.062Z [Modules] Streaming discord_spellcheck@1 to /home/kris/.config/discord/0.0.43/modules/pending/discord_spellcheck-1.zip: 7%
2024-02-22T18:58:07.064Z [Modules] Streaming discord_spellcheck@1 to /home/kris/.config/discord/0.0.43/modules/pending/discord_spellcheck-1.zip: 10%
2024-02-22T18:58:07.066Z [Modules] Streaming discord_spellcheck@1 to /home/kris/.config/discord/0.0.43/modules/pending/discord_spellcheck-1.zip: 11%
2024-02-22T18:58:07.069Z [Modules] Streaming discord_spellcheck@1 to /home/kris/.config/discord/0.0.43/modules/pending/discord_spellcheck-1.zip: 12%
2024-02-22T18:58:07.075Z [Modules] Streaming discord_spellcheck@1 to /home/kris/.config/discord/0.0.43/modules/pending/discord_spellcheck-1.zip: 13%
2024-02-22T18:58:07.077Z [Modules] Streaming discord_spellcheck@1 to /home/kris/.config/discord/0.0.43/modules/pending/discord_spellcheck-1.zip: 14%
2024-02-22T18:58:07.079Z [Modules] Streaming discord_spellcheck@1 to /home/kris/.config/discord/0.0.43/modules/pending/discord_spellcheck-1.zip: 15%
2024-02-22T18:58:07.082Z [Modules] Streaming discord_spellcheck@1 to /home/kris/.config/discord/0.0.43/modules/pending/discord_spellcheck-1.zip: 18%
2024-02-22T18:58:07.085Z [Modules] Streaming discord_spellcheck@1 to /home/kris/.config/discord/0.0.43/modules/pending/discord_spellcheck-1.zip: 19%
2024-02-22T18:58:07.088Z [Modules] Streaming discord_spellcheck@1 to /home/kris/.config/discord/0.0.43/modules/pending/discord_spellcheck-1.zip: 20%
2024-02-22T18:58:07.090Z [Modules] Streaming discord_spellcheck@1 to /home/kris/.config/discord/0.0.43/modules/pending/discord_spellcheck-1.zip: 22%
2024-02-22T18:58:07.093Z [Modules] Streaming discord_spellcheck@1 to /home/kris/.config/discord/0.0.43/modules/pending/discord_spellcheck-1.zip: 24%
2024-02-22T18:58:07.096Z [Modules] Streaming discord_spellcheck@1 to /home/kris/.config/discord/0.0.43/modules/pending/discord_spellcheck-1.zip: 25%
2024-02-22T18:58:07.098Z [Modules] Streaming discord_spellcheck@1 to /home/kris/.config/discord/0.0.43/modules/pending/discord_spellcheck-1.zip: 29%
2024-02-22T18:58:07.102Z [Modules] Streaming discord_spellcheck@1 to /home/kris/.config/discord/0.0.43/modules/pending/discord_spellcheck-1.zip: 31%
2024-02-22T18:58:07.105Z [Modules] Streaming discord_spellcheck@1 to /home/kris/.config/discord/0.0.43/modules/pending/discord_spellcheck-1.zip: 33%
2024-02-22T18:58:07.108Z [Modules] Streaming discord_spellcheck@1 to /home/kris/.config/discord/0.0.43/modules/pending/discord_spellcheck-1.zip: 34%
2024-02-22T18:58:07.111Z [Modules] Streaming discord_spellcheck@1 to /home/kris/.config/discord/0.0.43/modules/pending/discord_spellcheck-1.zip: 36%
2024-02-22T18:58:07.113Z [Modules] Streaming discord_spellcheck@1 to /home/kris/.config/discord/0.0.43/modules/pending/discord_spellcheck-1.zip: 37%
2024-02-22T18:58:07.122Z [Modules] Streaming discord_spellcheck@1 to /home/kris/.config/discord/0.0.43/modules/pending/discord_spellcheck-1.zip: 41%
2024-02-22T18:58:07.124Z [Modules] Streaming discord_spellcheck@1 to /home/kris/.config/discord/0.0.43/modules/pending/discord_spellcheck-1.zip: 46%
2024-02-22T18:58:07.127Z [Modules] Streaming discord_spellcheck@1 to /home/kris/.config/discord/0.0.43/modules/pending/discord_spellcheck-1.zip: 49%
2024-02-22T18:58:07.129Z [Modules] Streaming discord_spellcheck@1 to /home/kris/.config/discord/0.0.43/modules/pending/discord_spellcheck-1.zip: 54%
2024-02-22T18:58:07.132Z [Modules] Streaming discord_spellcheck@1 to /home/kris/.config/discord/0.0.43/modules/pending/discord_spellcheck-1.zip: 60%
2024-02-22T18:58:07.135Z [Modules] Streaming discord_spellcheck@1 to /home/kris/.config/discord/0.0.43/modules/pending/discord_spellcheck-1.zip: 62%
2024-02-22T18:58:07.139Z [Modules] Streaming discord_spellcheck@1 to /home/kris/.config/discord/0.0.43/modules/pending/discord_spellcheck-1.zip: 67%
2024-02-22T18:58:07.143Z [Modules] Streaming discord_spellcheck@1 to /home/kris/.config/discord/0.0.43/modules/pending/discord_spellcheck-1.zip: 69%
2024-02-22T18:58:07.145Z [Modules] Streaming discord_spellcheck@1 to /home/kris/.config/discord/0.0.43/modules/pending/discord_spellcheck-1.zip: 72%
2024-02-22T18:58:07.148Z [Modules] Streaming discord_spellcheck@1 to /home/kris/.config/discord/0.0.43/modules/pending/discord_spellcheck-1.zip: 76%
2024-02-22T18:58:07.150Z [Modules] Streaming discord_spellcheck@1 to /home/kris/.config/discord/0.0.43/modules/pending/discord_spellcheck-1.zip: 77%
2024-02-22T18:58:07.154Z [Modules] Streaming discord_spellcheck@1 to /home/kris/.config/discord/0.0.43/modules/pending/discord_spellcheck-1.zip: 80%
2024-02-22T18:58:07.156Z [Modules] Streaming discord_spellcheck@1 to /home/kris/.config/discord/0.0.43/modules/pending/discord_spellcheck-1.zip: 81%
2024-02-22T18:58:07.168Z [Modules] Streaming discord_spellcheck@1 to /home/kris/.config/discord/0.0.43/modules/pending/discord_spellcheck-1.zip: 82%
2024-02-22T18:58:07.172Z [Modules] Streaming discord_spellcheck@1 to /home/kris/.config/discord/0.0.43/modules/pending/discord_spellcheck-1.zip: 83%
2024-02-22T18:58:07.176Z [Modules] Streaming discord_spellcheck@1 to /home/kris/.config/discord/0.0.43/modules/pending/discord_spellcheck-1.zip: 84%
2024-02-22T18:58:07.178Z [Modules] Streaming discord_spellcheck@1 to /home/kris/.config/discord/0.0.43/modules/pending/discord_spellcheck-1.zip: 90%
2024-02-22T18:58:07.186Z [Modules] Streaming discord_spellcheck@1 to /home/kris/.config/discord/0.0.43/modules/pending/discord_spellcheck-1.zip: 91%
2024-02-22T18:58:07.192Z [Modules] Streaming discord_spellcheck@1 to /home/kris/.config/discord/0.0.43/modules/pending/discord_spellcheck-1.zip: 95%
2024-02-22T18:58:07.195Z [Modules] Streaming discord_spellcheck@1 to /home/kris/.config/discord/0.0.43/modules/pending/discord_spellcheck-1.zip: 100%
2024-02-22T18:58:07.197Z [Modules] Fetching discord_utils@1 from https://discord.com/api/modules/stable/discord_utils/1
2024-02-22T18:58:07.197Z [Modules] Streaming discord_utils@1 to /home/kris/.config/discord/0.0.43/modules/pending/discord_utils-1.zip
2024-02-22T18:58:07.306Z [Modules] Streaming discord_utils@1 to /home/kris/.config/discord/0.0.43/modules/pending/discord_utils-1.zip: 2%
2024-02-22T18:58:07.308Z [Modules] Streaming discord_utils@1 to /home/kris/.config/discord/0.0.43/modules/pending/discord_utils-1.zip: 8%
2024-02-22T18:58:07.310Z [Modules] Streaming discord_utils@1 to /home/kris/.config/discord/0.0.43/modules/pending/discord_utils-1.zip: 17%
2024-02-22T18:58:07.312Z [Modules] Streaming discord_utils@1 to /home/kris/.config/discord/0.0.43/modules/pending/discord_utils-1.zip: 21%
2024-02-22T18:58:07.315Z [Modules] Streaming discord_utils@1 to /home/kris/.config/discord/0.0.43/modules/pending/discord_utils-1.zip: 29%
2024-02-22T18:58:07.317Z [Modules] Streaming discord_utils@1 to /home/kris/.config/discord/0.0.43/modules/pending/discord_utils-1.zip: 39%
2024-02-22T18:58:07.324Z [Modules] Streaming discord_utils@1 to /home/kris/.config/discord/0.0.43/modules/pending/discord_utils-1.zip: 42%
2024-02-22T18:58:07.327Z [Modules] Streaming discord_utils@1 to /home/kris/.config/discord/0.0.43/modules/pending/discord_utils-1.zip: 48%
2024-02-22T18:58:07.332Z [Modules] Streaming discord_utils@1 to /home/kris/.config/discord/0.0.43/modules/pending/discord_utils-1.zip: 50%
2024-02-22T18:58:07.333Z [Modules] Streaming discord_utils@1 to /home/kris/.config/discord/0.0.43/modules/pending/discord_utils-1.zip: 54%
2024-02-22T18:58:07.335Z [Modules] Streaming discord_utils@1 to /home/kris/.config/discord/0.0.43/modules/pending/discord_utils-1.zip: 56%
2024-02-22T18:58:07.349Z [Modules] Streaming discord_utils@1 to /home/kris/.config/discord/0.0.43/modules/pending/discord_utils-1.zip: 58%
2024-02-22T18:58:07.351Z [Modules] Streaming discord_utils@1 to /home/kris/.config/discord/0.0.43/modules/pending/discord_utils-1.zip: 64%
2024-02-22T18:58:07.370Z [Modules] Streaming discord_utils@1 to /home/kris/.config/discord/0.0.43/modules/pending/discord_utils-1.zip: 66%
2024-02-22T18:58:07.371Z [Modules] Streaming discord_utils@1 to /home/kris/.config/discord/0.0.43/modules/pending/discord_utils-1.zip: 67%
2024-02-22T18:58:07.373Z [Modules] Streaming discord_utils@1 to /home/kris/.config/discord/0.0.43/modules/pending/discord_utils-1.zip: 72%
2024-02-22T18:58:07.380Z [Modules] Streaming discord_utils@1 to /home/kris/.config/discord/0.0.43/modules/pending/discord_utils-1.zip: 74%
2024-02-22T18:58:07.382Z [Modules] Streaming discord_utils@1 to /home/kris/.config/discord/0.0.43/modules/pending/discord_utils-1.zip: 80%
2024-02-22T18:58:07.384Z [Modules] Streaming discord_utils@1 to /home/kris/.config/discord/0.0.43/modules/pending/discord_utils-1.zip: 81%
2024-02-22T18:58:07.392Z [Modules] Streaming discord_utils@1 to /home/kris/.config/discord/0.0.43/modules/pending/discord_utils-1.zip: 83%
2024-02-22T18:58:07.394Z [Modules] Streaming discord_utils@1 to /home/kris/.config/discord/0.0.43/modules/pending/discord_utils-1.zip: 93%
2024-02-22T18:58:07.396Z [Modules] Streaming discord_utils@1 to /home/kris/.config/discord/0.0.43/modules/pending/discord_utils-1.zip: 96%
2024-02-22T18:58:07.398Z [Modules] Streaming discord_utils@1 to /home/kris/.config/discord/0.0.43/modules/pending/discord_utils-1.zip: 100%
2024-02-22T18:58:07.402Z [Modules] Fetching discord_voice@1 from https://discord.com/api/modules/stable/discord_voice/1
2024-02-22T18:58:07.402Z [Modules] Streaming discord_voice@1 to /home/kris/.config/discord/0.0.43/modules/pending/discord_voice-1.zip
2024-02-22T18:58:07.523Z [Modules] Streaming discord_voice@1 to /home/kris/.config/discord/0.0.43/modules/pending/discord_voice-1.zip: 1%
2024-02-22T18:58:07.525Z [Modules] Streaming discord_voice@1 to /home/kris/.config/discord/0.0.43/modules/pending/discord_voice-1.zip: 2%
2024-02-22T18:58:07.528Z [Modules] Streaming discord_voice@1 to /home/kris/.config/discord/0.0.43/modules/pending/discord_voice-1.zip: 3%
2024-02-22T18:58:07.530Z [Modules] Streaming discord_voice@1 to /home/kris/.config/discord/0.0.43/modules/pending/discord_voice-1.zip: 4%
2024-02-22T18:58:07.533Z [Modules] Streaming discord_voice@1 to /home/kris/.config/discord/0.0.43/modules/pending/discord_voice-1.zip: 5%
2024-02-22T18:58:07.536Z [Modules] Streaming discord_voice@1 to /home/kris/.config/discord/0.0.43/modules/pending/discord_voice-1.zip: 6%
2024-02-22T18:58:07.542Z [Modules] Streaming discord_voice@1 to /home/kris/.config/discord/0.0.43/modules/pending/discord_voice-1.zip: 7%
2024-02-22T18:58:07.548Z [Modules] Streaming discord_voice@1 to /home/kris/.config/discord/0.0.43/modules/pending/discord_voice-1.zip: 8%
2024-02-22T18:58:07.556Z [Modules] Streaming discord_voice@1 to /home/kris/.config/discord/0.0.43/modules/pending/discord_voice-1.zip: 9%
2024-02-22T18:58:07.558Z [Modules] Streaming discord_voice@1 to /home/kris/.config/discord/0.0.43/modules/pending/discord_voice-1.zip: 10%
2024-02-22T18:58:07.570Z [Modules] Streaming discord_voice@1 to /home/kris/.config/discord/0.0.43/modules/pending/discord_voice-1.zip: 14%
2024-02-22T18:58:07.575Z [Modules] Streaming discord_voice@1 to /home/kris/.config/discord/0.0.43/modules/pending/discord_voice-1.zip: 15%
2024-02-22T18:58:07.578Z [Modules] Streaming discord_voice@1 to /home/kris/.config/discord/0.0.43/modules/pending/discord_voice-1.zip: 16%
2024-02-22T18:58:07.580Z [Modules] Streaming discord_voice@1 to /home/kris/.config/discord/0.0.43/modules/pending/discord_voice-1.zip: 17%
2024-02-22T18:58:07.583Z [Modules] Streaming discord_voice@1 to /home/kris/.config/discord/0.0.43/modules/pending/discord_voice-1.zip: 18%
2024-02-22T18:58:07.591Z [Modules] Streaming discord_voice@1 to /home/kris/.config/discord/0.0.43/modules/pending/discord_voice-1.zip: 19%
2024-02-22T18:58:07.594Z [Modules] Streaming discord_voice@1 to /home/kris/.config/discord/0.0.43/modules/pending/discord_voice-1.zip: 20%
2024-02-22T18:58:07.596Z [Modules] Streaming discord_voice@1 to /home/kris/.config/discord/0.0.43/modules/pending/discord_voice-1.zip: 21%
2024-02-22T18:58:07.598Z [Modules] Streaming discord_voice@1 to /home/kris/.config/discord/0.0.43/modules/pending/discord_voice-1.zip: 22%
2024-02-22T18:58:07.608Z [Modules] Streaming discord_voice@1 to /home/kris/.config/discord/0.0.43/modules/pending/discord_voice-1.zip: 23%
2024-02-22T18:58:07.612Z [Modules] Streaming discord_voice@1 to /home/kris/.config/discord/0.0.43/modules/pending/discord_voice-1.zip: 24%
2024-02-22T18:58:07.615Z [Modules] Streaming discord_voice@1 to /home/kris/.config/discord/0.0.43/modules/pending/discord_voice-1.zip: 25%
2024-02-22T18:58:07.619Z [Modules] Streaming discord_voice@1 to /home/kris/.config/discord/0.0.43/modules/pending/discord_voice-1.zip: 26%
2024-02-22T18:58:07.624Z [Modules] Streaming discord_voice@1 to /home/kris/.config/discord/0.0.43/modules/pending/discord_voice-1.zip: 27%
2024-02-22T18:58:07.628Z [Modules] Streaming discord_voice@1 to /home/kris/.config/discord/0.0.43/modules/pending/discord_voice-1.zip: 28%
2024-02-22T18:58:07.631Z [Modules] Streaming discord_voice@1 to /home/kris/.config/discord/0.0.43/modules/pending/discord_voice-1.zip: 29%
2024-02-22T18:58:07.634Z [Modules] Streaming discord_voice@1 to /home/kris/.config/discord/0.0.43/modules/pending/discord_voice-1.zip: 31%
2024-02-22T18:58:07.639Z [Modules] Streaming discord_voice@1 to /home/kris/.config/discord/0.0.43/modules/pending/discord_voice-1.zip: 32%
2024-02-22T18:58:07.643Z [Modules] Streaming discord_voice@1 to /home/kris/.config/discord/0.0.43/modules/pending/discord_voice-1.zip: 33%
2024-02-22T18:58:07.645Z [Modules] Streaming discord_voice@1 to /home/kris/.config/discord/0.0.43/modules/pending/discord_voice-1.zip: 34%
2024-02-22T18:58:07.647Z [Modules] Streaming discord_voice@1 to /home/kris/.config/discord/0.0.43/modules/pending/discord_voice-1.zip: 35%
2024-02-22T18:58:07.650Z [Modules] Streaming discord_voice@1 to /home/kris/.config/discord/0.0.43/modules/pending/discord_voice-1.zip: 36%
2024-02-22T18:58:07.659Z [Modules] Streaming discord_voice@1 to /home/kris/.config/discord/0.0.43/modules/pending/discord_voice-1.zip: 37%
2024-02-22T18:58:07.663Z [Modules] Streaming discord_voice@1 to /home/kris/.config/discord/0.0.43/modules/pending/discord_voice-1.zip: 38%
2024-02-22T18:58:07.678Z [Modules] Streaming discord_voice@1 to /home/kris/.config/discord/0.0.43/modules/pending/discord_voice-1.zip: 39%
2024-02-22T18:58:07.680Z [Modules] Streaming discord_voice@1 to /home/kris/.config/discord/0.0.43/modules/pending/discord_voice-1.zip: 40%
2024-02-22T18:58:07.689Z [Modules] Streaming discord_voice@1 to /home/kris/.config/discord/0.0.43/modules/pending/discord_voice-1.zip: 41%
2024-02-22T18:58:07.691Z [Modules] Streaming discord_voice@1 to /home/kris/.config/discord/0.0.43/modules/pending/discord_voice-1.zip: 42%
2024-02-22T18:58:07.694Z [Modules] Streaming discord_voice@1 to /home/kris/.config/discord/0.0.43/modules/pending/discord_voice-1.zip: 43%
2024-02-22T18:58:07.696Z [Modules] Streaming discord_voice@1 to /home/kris/.config/discord/0.0.43/modules/pending/discord_voice-1.zip: 44%
2024-02-22T18:58:07.698Z [Modules] Streaming discord_voice@1 to /home/kris/.config/discord/0.0.43/modules/pending/discord_voice-1.zip: 45%
2024-02-22T18:58:07.700Z [Modules] Streaming discord_voice@1 to /home/kris/.config/discord/0.0.43/modules/pending/discord_voice-1.zip: 46%
2024-02-22T18:58:07.707Z [Modules] Streaming discord_voice@1 to /home/kris/.config/discord/0.0.43/modules/pending/discord_voice-1.zip: 47%
2024-02-22T18:58:07.712Z [Modules] Streaming discord_voice@1 to /home/kris/.config/discord/0.0.43/modules/pending/discord_voice-1.zip: 48%
2024-02-22T18:58:07.715Z [Modules] Streaming discord_voice@1 to /home/kris/.config/discord/0.0.43/modules/pending/discord_voice-1.zip: 49%
2024-02-22T18:58:07.718Z [Modules] Streaming discord_voice@1 to /home/kris/.config/discord/0.0.43/modules/pending/discord_voice-1.zip: 50%
2024-02-22T18:58:07.725Z [Modules] Streaming discord_voice@1 to /home/kris/.config/discord/0.0.43/modules/pending/discord_voice-1.zip: 51%
2024-02-22T18:58:07.728Z [Modules] Streaming discord_voice@1 to /home/kris/.config/discord/0.0.43/modules/pending/discord_voice-1.zip: 52%
2024-02-22T18:58:07.730Z [Modules] Streaming discord_voice@1 to /home/kris/.config/discord/0.0.43/modules/pending/discord_voice-1.zip: 53%
2024-02-22T18:58:07.745Z [Modules] Streaming discord_voice@1 to /home/kris/.config/discord/0.0.43/modules/pending/discord_voice-1.zip: 54%
2024-02-22T18:58:07.753Z [Modules] Streaming discord_voice@1 to /home/kris/.config/discord/0.0.43/modules/pending/discord_voice-1.zip: 55%
2024-02-22T18:58:07.759Z [Modules] Streaming discord_voice@1 to /home/kris/.config/discord/0.0.43/modules/pending/discord_voice-1.zip: 56%
2024-02-22T18:58:07.764Z [Modules] Streaming discord_voice@1 to /home/kris/.config/discord/0.0.43/modules/pending/discord_voice-1.zip: 57%
2024-02-22T18:58:07.770Z [Modules] Streaming discord_voice@1 to /home/kris/.config/discord/0.0.43/modules/pending/discord_voice-1.zip: 58%
2024-02-22T18:58:07.776Z [Modules] Streaming discord_voice@1 to /home/kris/.config/discord/0.0.43/modules/pending/discord_voice-1.zip: 59%
2024-02-22T18:58:07.780Z [Modules] Streaming discord_voice@1 to /home/kris/.config/discord/0.0.43/modules/pending/discord_voice-1.zip: 60%
2024-02-22T18:58:07.782Z [Modules] Streaming discord_voice@1 to /home/kris/.config/discord/0.0.43/modules/pending/discord_voice-1.zip: 61%
2024-02-22T18:58:07.787Z [Modules] Streaming discord_voice@1 to /home/kris/.config/discord/0.0.43/modules/pending/discord_voice-1.zip: 62%
2024-02-22T18:58:07.794Z [Modules] Streaming discord_voice@1 to /home/kris/.config/discord/0.0.43/modules/pending/discord_voice-1.zip: 63%
2024-02-22T18:58:07.795Z [Modules] Streaming discord_voice@1 to /home/kris/.config/discord/0.0.43/modules/pending/discord_voice-1.zip: 64%
2024-02-22T18:58:07.797Z [Modules] Streaming discord_voice@1 to /home/kris/.config/discord/0.0.43/modules/pending/discord_voice-1.zip: 65%
2024-02-22T18:58:07.799Z [Modules] Streaming discord_voice@1 to /home/kris/.config/discord/0.0.43/modules/pending/discord_voice-1.zip: 66%
2024-02-22T18:58:07.815Z [Modules] Streaming discord_voice@1 to /home/kris/.config/discord/0.0.43/modules/pending/discord_voice-1.zip: 67%
2024-02-22T18:58:07.828Z [Modules] Streaming discord_voice@1 to /home/kris/.config/discord/0.0.43/modules/pending/discord_voice-1.zip: 68%
2024-02-22T18:58:07.833Z [Modules] Streaming discord_voice@1 to /home/kris/.config/discord/0.0.43/modules/pending/discord_voice-1.zip: 69%
2024-02-22T18:58:07.837Z [Modules] Streaming discord_voice@1 to /home/kris/.config/discord/0.0.43/modules/pending/discord_voice-1.zip: 70%
2024-02-22T18:58:07.842Z [Modules] Streaming discord_voice@1 to /home/kris/.config/discord/0.0.43/modules/pending/discord_voice-1.zip: 71%
2024-02-22T18:58:07.845Z [Modules] Streaming discord_voice@1 to /home/kris/.config/discord/0.0.43/modules/pending/discord_voice-1.zip: 72%
2024-02-22T18:58:07.848Z [Modules] Streaming discord_voice@1 to /home/kris/.config/discord/0.0.43/modules/pending/discord_voice-1.zip: 73%
2024-02-22T18:58:07.856Z [Modules] Streaming discord_voice@1 to /home/kris/.config/discord/0.0.43/modules/pending/discord_voice-1.zip: 74%
2024-02-22T18:58:07.861Z [Modules] Streaming discord_voice@1 to /home/kris/.config/discord/0.0.43/modules/pending/discord_voice-1.zip: 75%
2024-02-22T18:58:07.863Z [Modules] Streaming discord_voice@1 to /home/kris/.config/discord/0.0.43/modules/pending/discord_voice-1.zip: 76%
2024-02-22T18:58:07.865Z [Modules] Streaming discord_voice@1 to /home/kris/.config/discord/0.0.43/modules/pending/discord_voice-1.zip: 77%
2024-02-22T18:58:07.871Z [Modules] Streaming discord_voice@1 to /home/kris/.config/discord/0.0.43/modules/pending/discord_voice-1.zip: 78%
2024-02-22T18:58:07.878Z [Modules] Streaming discord_voice@1 to /home/kris/.config/discord/0.0.43/modules/pending/discord_voice-1.zip: 79%
2024-02-22T18:58:07.887Z [Modules] Streaming discord_voice@1 to /home/kris/.config/discord/0.0.43/modules/pending/discord_voice-1.zip: 80%
2024-02-22T18:58:07.899Z [Modules] Streaming discord_voice@1 to /home/kris/.config/discord/0.0.43/modules/pending/discord_voice-1.zip: 81%
2024-02-22T18:58:07.907Z [Modules] Streaming discord_voice@1 to /home/kris/.config/discord/0.0.43/modules/pending/discord_voice-1.zip: 82%
2024-02-22T18:58:07.909Z [Modules] Streaming discord_voice@1 to /home/kris/.config/discord/0.0.43/modules/pending/discord_voice-1.zip: 83%
2024-02-22T18:58:07.917Z [Modules] Streaming discord_voice@1 to /home/kris/.config/discord/0.0.43/modules/pending/discord_voice-1.zip: 84%
2024-02-22T18:58:07.925Z [Modules] Streaming discord_voice@1 to /home/kris/.config/discord/0.0.43/modules/pending/discord_voice-1.zip: 85%
2024-02-22T18:58:07.928Z [Modules] Streaming discord_voice@1 to /home/kris/.config/discord/0.0.43/modules/pending/discord_voice-1.zip: 86%
2024-02-22T18:58:07.939Z [Modules] Streaming discord_voice@1 to /home/kris/.config/discord/0.0.43/modules/pending/discord_voice-1.zip: 87%
2024-02-22T18:58:07.943Z [Modules] Streaming discord_voice@1 to /home/kris/.config/discord/0.0.43/modules/pending/discord_voice-1.zip: 88%
2024-02-22T18:58:07.947Z [Modules] Streaming discord_voice@1 to /home/kris/.config/discord/0.0.43/modules/pending/discord_voice-1.zip: 89%
2024-02-22T18:58:07.949Z [Modules] Streaming discord_voice@1 to /home/kris/.config/discord/0.0.43/modules/pending/discord_voice-1.zip: 90%
2024-02-22T18:58:07.951Z [Modules] Streaming discord_voice@1 to /home/kris/.config/discord/0.0.43/modules/pending/discord_voice-1.zip: 91%
2024-02-22T18:58:07.955Z [Modules] Streaming discord_voice@1 to /home/kris/.config/discord/0.0.43/modules/pending/discord_voice-1.zip: 92%
2024-02-22T18:58:07.959Z [Modules] Streaming discord_voice@1 to /home/kris/.config/discord/0.0.43/modules/pending/discord_voice-1.zip: 93%
2024-02-22T18:58:07.962Z [Modules] Streaming discord_voice@1 to /home/kris/.config/discord/0.0.43/modules/pending/discord_voice-1.zip: 94%
2024-02-22T18:58:07.964Z [Modules] Streaming discord_voice@1 to /home/kris/.config/discord/0.0.43/modules/pending/discord_voice-1.zip: 95%
2024-02-22T18:58:07.967Z [Modules] Streaming discord_voice@1 to /home/kris/.config/discord/0.0.43/modules/pending/discord_voice-1.zip: 96%
2024-02-22T18:58:07.972Z [Modules] Streaming discord_voice@1 to /home/kris/.config/discord/0.0.43/modules/pending/discord_voice-1.zip: 97%
2024-02-22T18:58:07.976Z [Modules] Streaming discord_voice@1 to /home/kris/.config/discord/0.0.43/modules/pending/discord_voice-1.zip: 98%
2024-02-22T18:58:07.978Z [Modules] Streaming discord_voice@1 to /home/kris/.config/discord/0.0.43/modules/pending/discord_voice-1.zip: 99%
2024-02-22T18:58:07.979Z [Modules] Streaming discord_voice@1 to /home/kris/.config/discord/0.0.43/modules/pending/discord_voice-1.zip: 100%
2024-02-22T18:58:07.981Z [Modules] Finished module downloads. [success: 5] [failure: 0]
2024-02-22T18:58:07.982Z [Modules] Installing updates...
2024-02-22T18:58:07.982Z [Modules] Installing discord_desktop_core@1 from /home/kris/.config/discord/0.0.43/modules/pending/discord_desktop_core-1.zip
2024-02-22T18:58:08.189Z [Modules] Installing discord_erlpack@1 from /home/kris/.config/discord/0.0.43/modules/pending/discord_erlpack-1.zip
2024-02-22T18:58:08.317Z [Modules] Installing discord_spellcheck@1 from /home/kris/.config/discord/0.0.43/modules/pending/discord_spellcheck-1.zip
2024-02-22T18:58:10.386Z [Modules] Installing discord_utils@1 from /home/kris/.config/discord/0.0.43/modules/pending/discord_utils-1.zip
2024-02-22T18:58:10.685Z [Modules] Installing discord_voice@1 from /home/kris/.config/discord/0.0.43/modules/pending/discord_voice-1.zip
2024-02-22T18:58:12.033Z [Modules] Finished module installations. [success: 5] [failure: 0]
2024-02-22T18:58:12.034Z [Modules] Checking for host updates.
2024-02-22T18:58:12.161Z [Modules] Host is up to date.
2024-02-22T18:58:12.162Z [Modules] Checking for module updates at https://discord.com/api/modules/stable/versions.json
2024-02-22T18:58:12.167Z [Modules] No module updates available.
2024-02-22T18:58:14.817Z [Modules] Starting to install discord_krisp...
2024-02-22T18:58:14.818Z [Modules] Fetching discord_krisp@1 from https://discord.com/api/modules/stable/discord_krisp/1
2024-02-22T18:58:14.818Z [Modules] Streaming discord_krisp@1 to /home/kris/.config/discord/0.0.43/modules/pending/discord_krisp-1.zip
2024-02-22T18:58:14.838Z [Modules] Starting to install discord_game_utils...
2024-02-22T18:58:14.946Z [Modules] Streaming discord_krisp@1 to /home/kris/.config/discord/0.0.43/modules/pending/discord_krisp-1.zip: 1%
2024-02-22T18:58:14.954Z [Modules] Streaming discord_krisp@1 to /home/kris/.config/discord/0.0.43/modules/pending/discord_krisp-1.zip: 2%
2024-02-22T18:58:14.960Z [Modules] Streaming discord_krisp@1 to /home/kris/.config/discord/0.0.43/modules/pending/discord_krisp-1.zip: 3%
2024-02-22T18:58:14.974Z [Modules] Streaming discord_krisp@1 to /home/kris/.config/discord/0.0.43/modules/pending/discord_krisp-1.zip: 4%
2024-02-22T18:58:14.986Z [Modules] Streaming discord_krisp@1 to /home/kris/.config/discord/0.0.43/modules/pending/discord_krisp-1.zip: 5%
2024-02-22T18:58:14.993Z [Modules] Streaming discord_krisp@1 to /home/kris/.config/discord/0.0.43/modules/pending/discord_krisp-1.zip: 6%
2024-02-22T18:58:15.004Z [Modules] Streaming discord_krisp@1 to /home/kris/.config/discord/0.0.43/modules/pending/discord_krisp-1.zip: 7%
2024-02-22T18:58:15.006Z [Modules] Streaming discord_krisp@1 to /home/kris/.config/discord/0.0.43/modules/pending/discord_krisp-1.zip: 8%
2024-02-22T18:58:15.013Z [Modules] Streaming discord_krisp@1 to /home/kris/.config/discord/0.0.43/modules/pending/discord_krisp-1.zip: 9%
2024-02-22T18:58:15.017Z [Modules] Streaming discord_krisp@1 to /home/kris/.config/discord/0.0.43/modules/pending/discord_krisp-1.zip: 10%
2024-02-22T18:58:15.032Z [Modules] Streaming discord_krisp@1 to /home/kris/.config/discord/0.0.43/modules/pending/discord_krisp-1.zip: 11%
2024-02-22T18:58:15.034Z [Modules] Streaming discord_krisp@1 to /home/kris/.config/discord/0.0.43/modules/pending/discord_krisp-1.zip: 12%
2024-02-22T18:58:15.039Z [Modules] Streaming discord_krisp@1 to /home/kris/.config/discord/0.0.43/modules/pending/discord_krisp-1.zip: 13%
2024-02-22T18:58:15.041Z [Modules] Streaming discord_krisp@1 to /home/kris/.config/discord/0.0.43/modules/pending/discord_krisp-1.zip: 14%
2024-02-22T18:58:15.056Z [Modules] Streaming discord_krisp@1 to /home/kris/.config/discord/0.0.43/modules/pending/discord_krisp-1.zip: 15%
2024-02-22T18:58:15.060Z [Modules] Streaming discord_krisp@1 to /home/kris/.config/discord/0.0.43/modules/pending/discord_krisp-1.zip: 16%
2024-02-22T18:58:15.071Z [Modules] Streaming discord_krisp@1 to /home/kris/.config/discord/0.0.43/modules/pending/discord_krisp-1.zip: 17%
2024-02-22T18:58:15.076Z [Modules] Streaming discord_krisp@1 to /home/kris/.config/discord/0.0.43/modules/pending/discord_krisp-1.zip: 18%
2024-02-22T18:58:15.080Z [Modules] Streaming discord_krisp@1 to /home/kris/.config/discord/0.0.43/modules/pending/discord_krisp-1.zip: 19%
2024-02-22T18:58:15.082Z [Modules] Streaming discord_krisp@1 to /home/kris/.config/discord/0.0.43/modules/pending/discord_krisp-1.zip: 20%
2024-02-22T18:58:15.086Z [Modules] Streaming discord_krisp@1 to /home/kris/.config/discord/0.0.43/modules/pending/discord_krisp-1.zip: 21%
2024-02-22T18:58:15.088Z [Modules] Streaming discord_krisp@1 to /home/kris/.config/discord/0.0.43/modules/pending/discord_krisp-1.zip: 22%
2024-02-22T18:58:15.089Z [Modules] Streaming discord_krisp@1 to /home/kris/.config/discord/0.0.43/modules/pending/discord_krisp-1.zip: 23%
2024-02-22T18:58:15.092Z [Modules] Streaming discord_krisp@1 to /home/kris/.config/discord/0.0.43/modules/pending/discord_krisp-1.zip: 24%
2024-02-22T18:58:15.094Z [Modules] Streaming discord_krisp@1 to /home/kris/.config/discord/0.0.43/modules/pending/discord_krisp-1.zip: 25%
2024-02-22T18:58:15.098Z [Modules] Streaming discord_krisp@1 to /home/kris/.config/discord/0.0.43/modules/pending/discord_krisp-1.zip: 26%
2024-02-22T18:58:15.100Z [Modules] Streaming discord_krisp@1 to /home/kris/.config/discord/0.0.43/modules/pending/discord_krisp-1.zip: 27%
2024-02-22T18:58:15.105Z [Modules] Streaming discord_krisp@1 to /home/kris/.config/discord/0.0.43/modules/pending/discord_krisp-1.zip: 29%
2024-02-22T18:58:15.107Z [Modules] Streaming discord_krisp@1 to /home/kris/.config/discord/0.0.43/modules/pending/discord_krisp-1.zip: 31%
2024-02-22T18:58:15.109Z [Modules] Streaming discord_krisp@1 to /home/kris/.config/discord/0.0.43/modules/pending/discord_krisp-1.zip: 33%
2024-02-22T18:58:15.114Z [Modules] Streaming discord_krisp@1 to /home/kris/.config/discord/0.0.43/modules/pending/discord_krisp-1.zip: 35%
2024-02-22T18:58:15.115Z [Modules] Streaming discord_krisp@1 to /home/kris/.config/discord/0.0.43/modules/pending/discord_krisp-1.zip: 36%
2024-02-22T18:58:15.126Z [Modules] Streaming discord_krisp@1 to /home/kris/.config/discord/0.0.43/modules/pending/discord_krisp-1.zip: 37%
2024-02-22T18:58:15.131Z [Modules] Streaming discord_krisp@1 to /home/kris/.config/discord/0.0.43/modules/pending/discord_krisp-1.zip: 39%
2024-02-22T18:58:15.138Z [Modules] Streaming discord_krisp@1 to /home/kris/.config/discord/0.0.43/modules/pending/discord_krisp-1.zip: 40%
2024-02-22T18:58:15.143Z [Modules] Streaming discord_krisp@1 to /home/kris/.config/discord/0.0.43/modules/pending/discord_krisp-1.zip: 41%
2024-02-22T18:58:15.145Z [Modules] Streaming discord_krisp@1 to /home/kris/.config/discord/0.0.43/modules/pending/discord_krisp-1.zip: 42%
2024-02-22T18:58:15.167Z [Modules] Streaming discord_krisp@1 to /home/kris/.config/discord/0.0.43/modules/pending/discord_krisp-1.zip: 46%
2024-02-22T18:58:15.170Z [Modules] Streaming discord_krisp@1 to /home/kris/.config/discord/0.0.43/modules/pending/discord_krisp-1.zip: 51%
2024-02-22T18:58:15.173Z [Modules] Streaming discord_krisp@1 to /home/kris/.config/discord/0.0.43/modules/pending/discord_krisp-1.zip: 52%
2024-02-22T18:58:15.178Z [Modules] Streaming discord_krisp@1 to /home/kris/.config/discord/0.0.43/modules/pending/discord_krisp-1.zip: 53%
2024-02-22T18:58:15.186Z [Modules] Streaming discord_krisp@1 to /home/kris/.config/discord/0.0.43/modules/pending/discord_krisp-1.zip: 54%
2024-02-22T18:58:15.192Z [Modules] Streaming discord_krisp@1 to /home/kris/.config/discord/0.0.43/modules/pending/discord_krisp-1.zip: 55%
2024-02-22T18:58:15.194Z [Modules] Streaming discord_krisp@1 to /home/kris/.config/discord/0.0.43/modules/pending/discord_krisp-1.zip: 56%
2024-02-22T18:58:15.206Z [Modules] Streaming discord_krisp@1 to /home/kris/.config/discord/0.0.43/modules/pending/discord_krisp-1.zip: 57%
2024-02-22T18:58:15.209Z [Modules] Streaming discord_krisp@1 to /home/kris/.config/discord/0.0.43/modules/pending/discord_krisp-1.zip: 58%
2024-02-22T18:58:15.211Z [Modules] Streaming discord_krisp@1 to /home/kris/.config/discord/0.0.43/modules/pending/discord_krisp-1.zip: 59%
2024-02-22T18:58:15.226Z [Modules] Streaming discord_krisp@1 to /home/kris/.config/discord/0.0.43/modules/pending/discord_krisp-1.zip: 60%
2024-02-22T18:58:15.231Z [Modules] Streaming discord_krisp@1 to /home/kris/.config/discord/0.0.43/modules/pending/discord_krisp-1.zip: 61%
2024-02-22T18:58:15.235Z [Modules] Streaming discord_krisp@1 to /home/kris/.config/discord/0.0.43/modules/pending/discord_krisp-1.zip: 62%
2024-02-22T18:58:15.240Z [Modules] Streaming discord_krisp@1 to /home/kris/.config/discord/0.0.43/modules/pending/discord_krisp-1.zip: 63%
2024-02-22T18:58:15.242Z [Modules] Streaming discord_krisp@1 to /home/kris/.config/discord/0.0.43/modules/pending/discord_krisp-1.zip: 64%
2024-02-22T18:58:15.245Z [Modules] Streaming discord_krisp@1 to /home/kris/.config/discord/0.0.43/modules/pending/discord_krisp-1.zip: 65%
2024-02-22T18:58:15.248Z [Modules] Streaming discord_krisp@1 to /home/kris/.config/discord/0.0.43/modules/pending/discord_krisp-1.zip: 66%
2024-02-22T18:58:15.254Z [Modules] Streaming discord_krisp@1 to /home/kris/.config/discord/0.0.43/modules/pending/discord_krisp-1.zip: 67%
2024-02-22T18:58:15.260Z [Modules] Streaming discord_krisp@1 to /home/kris/.config/discord/0.0.43/modules/pending/discord_krisp-1.zip: 68%
2024-02-22T18:58:15.267Z [Modules] Streaming discord_krisp@1 to /home/kris/.config/discord/0.0.43/modules/pending/discord_krisp-1.zip: 69%
2024-02-22T18:58:15.273Z [Modules] Streaming discord_krisp@1 to /home/kris/.config/discord/0.0.43/modules/pending/discord_krisp-1.zip: 70%
2024-02-22T18:58:15.276Z [Modules] Streaming discord_krisp@1 to /home/kris/.config/discord/0.0.43/modules/pending/discord_krisp-1.zip: 71%
2024-02-22T18:58:15.277Z [Modules] Streaming discord_krisp@1 to /home/kris/.config/discord/0.0.43/modules/pending/discord_krisp-1.zip: 72%
2024-02-22T18:58:15.279Z [Modules] Streaming discord_krisp@1 to /home/kris/.config/discord/0.0.43/modules/pending/discord_krisp-1.zip: 73%
2024-02-22T18:58:15.280Z [Modules] Streaming discord_krisp@1 to /home/kris/.config/discord/0.0.43/modules/pending/discord_krisp-1.zip: 74%
2024-02-22T18:58:15.288Z [Modules] Streaming discord_krisp@1 to /home/kris/.config/discord/0.0.43/modules/pending/discord_krisp-1.zip: 75%
2024-02-22T18:58:15.291Z [Modules] Streaming discord_krisp@1 to /home/kris/.config/discord/0.0.43/modules/pending/discord_krisp-1.zip: 76%
2024-02-22T18:58:15.296Z [Modules] Streaming discord_krisp@1 to /home/kris/.config/discord/0.0.43/modules/pending/discord_krisp-1.zip: 77%
2024-02-22T18:58:15.298Z [Modules] Streaming discord_krisp@1 to /home/kris/.config/discord/0.0.43/modules/pending/discord_krisp-1.zip: 78%
2024-02-22T18:58:15.311Z [Modules] Streaming discord_krisp@1 to /home/kris/.config/discord/0.0.43/modules/pending/discord_krisp-1.zip: 79%
2024-02-22T18:58:15.313Z [Modules] Streaming discord_krisp@1 to /home/kris/.config/discord/0.0.43/modules/pending/discord_krisp-1.zip: 80%
2024-02-22T18:58:15.323Z [Modules] Streaming discord_krisp@1 to /home/kris/.config/discord/0.0.43/modules/pending/discord_krisp-1.zip: 81%
2024-02-22T18:58:15.327Z [Modules] Streaming discord_krisp@1 to /home/kris/.config/discord/0.0.43/modules/pending/discord_krisp-1.zip: 82%
2024-02-22T18:58:15.332Z [Modules] Streaming discord_krisp@1 to /home/kris/.config/discord/0.0.43/modules/pending/discord_krisp-1.zip: 83%
2024-02-22T18:58:15.338Z [Modules] Streaming discord_krisp@1 to /home/kris/.config/discord/0.0.43/modules/pending/discord_krisp-1.zip: 84%
2024-02-22T18:58:15.339Z [Modules] Streaming discord_krisp@1 to /home/kris/.config/discord/0.0.43/modules/pending/discord_krisp-1.zip: 85%
2024-02-22T18:58:15.341Z [Modules] Streaming discord_krisp@1 to /home/kris/.config/discord/0.0.43/modules/pending/discord_krisp-1.zip: 86%
2024-02-22T18:58:15.345Z [Modules] Streaming discord_krisp@1 to /home/kris/.config/discord/0.0.43/modules/pending/discord_krisp-1.zip: 87%
2024-02-22T18:58:15.370Z [Modules] Streaming discord_krisp@1 to /home/kris/.config/discord/0.0.43/modules/pending/discord_krisp-1.zip: 92%
2024-02-22T18:58:15.373Z [Modules] Streaming discord_krisp@1 to /home/kris/.config/discord/0.0.43/modules/pending/discord_krisp-1.zip: 96%
2024-02-22T18:58:15.383Z [Modules] Streaming discord_krisp@1 to /home/kris/.config/discord/0.0.43/modules/pending/discord_krisp-1.zip: 99%
2024-02-22T18:58:15.386Z [Modules] Streaming discord_krisp@1 to /home/kris/.config/discord/0.0.43/modules/pending/discord_krisp-1.zip: 100%
2024-02-22T18:58:15.392Z [Modules] Fetching discord_game_utils@1 from https://discord.com/api/modules/stable/discord_game_utils/1
2024-02-22T18:58:15.393Z [Modules] Streaming discord_game_utils@1 to /home/kris/.config/discord/0.0.43/modules/pending/discord_game_utils-1.zip
2024-02-22T18:58:15.393Z [Modules] Installing discord_krisp@1 from /home/kris/.config/discord/0.0.43/modules/pending/discord_krisp-1.zip
2024-02-22T18:58:15.511Z [Modules] Streaming discord_game_utils@1 to /home/kris/.config/discord/0.0.43/modules/pending/discord_game_utils-1.zip: 8%
2024-02-22T18:58:15.513Z [Modules] Streaming discord_game_utils@1 to /home/kris/.config/discord/0.0.43/modules/pending/discord_game_utils-1.zip: 11%
2024-02-22T18:58:15.517Z [Modules] Streaming discord_game_utils@1 to /home/kris/.config/discord/0.0.43/modules/pending/discord_game_utils-1.zip: 14%
2024-02-22T18:58:15.521Z [Modules] Streaming discord_game_utils@1 to /home/kris/.config/discord/0.0.43/modules/pending/discord_game_utils-1.zip: 20%
2024-02-22T18:58:15.525Z [Modules] Streaming discord_game_utils@1 to /home/kris/.config/discord/0.0.43/modules/pending/discord_game_utils-1.zip: 25%
2024-02-22T18:58:15.528Z [Modules] Streaming discord_game_utils@1 to /home/kris/.config/discord/0.0.43/modules/pending/discord_game_utils-1.zip: 30%
2024-02-22T18:58:15.530Z [Modules] Streaming discord_game_utils@1 to /home/kris/.config/discord/0.0.43/modules/pending/discord_game_utils-1.zip: 43%
2024-02-22T18:58:15.531Z [Modules] Streaming discord_game_utils@1 to /home/kris/.config/discord/0.0.43/modules/pending/discord_game_utils-1.zip: 50%
2024-02-22T18:58:15.537Z [Modules] Streaming discord_game_utils@1 to /home/kris/.config/discord/0.0.43/modules/pending/discord_game_utils-1.zip: 53%
2024-02-22T18:58:15.542Z [Modules] Streaming discord_game_utils@1 to /home/kris/.config/discord/0.0.43/modules/pending/discord_game_utils-1.zip: 56%
2024-02-22T18:58:15.543Z [Modules] Streaming discord_game_utils@1 to /home/kris/.config/discord/0.0.43/modules/pending/discord_game_utils-1.zip: 61%
2024-02-22T18:58:15.544Z [Modules] Streaming discord_game_utils@1 to /home/kris/.config/discord/0.0.43/modules/pending/discord_game_utils-1.zip: 66%
2024-02-22T18:58:15.548Z [Modules] Streaming discord_game_utils@1 to /home/kris/.config/discord/0.0.43/modules/pending/discord_game_utils-1.zip: 82%
2024-02-22T18:58:15.549Z [Modules] Streaming discord_game_utils@1 to /home/kris/.config/discord/0.0.43/modules/pending/discord_game_utils-1.zip: 86%
2024-02-22T18:58:15.552Z [Modules] Streaming discord_game_utils@1 to /home/kris/.config/discord/0.0.43/modules/pending/discord_game_utils-1.zip: 89%
2024-02-22T18:58:15.557Z [Modules] Streaming discord_game_utils@1 to /home/kris/.config/discord/0.0.43/modules/pending/discord_game_utils-1.zip: 100%
2024-02-22T18:58:15.560Z [Modules] Finished module downloads. [success: 2] [failure: 0]
2024-02-22T18:58:17.231Z [Modules] Installing discord_game_utils@1 from /home/kris/.config/discord/0.0.43/modules/pending/discord_game_utils-1.zip
2024-02-22T18:58:17.346Z [Modules] Finished module installations. [success: 2] [failure: 0]
2024-02-22T18:58:17.347Z [Modules] Checking for host updates.
2024-02-22T18:58:17.440Z [Modules] Host is up to date.
2024-02-22T18:58:17.440Z [Modules] Checking for module updates at https://discord.com/api/modules/stable/versions.json
2024-02-22T18:58:17.447Z [Modules] No module updates available.
2024-02-22T18:58:17.539Z [Modules] Starting to install discord_rpc...
2024-02-22T18:58:17.539Z [Modules] Fetching discord_rpc@1 from https://discord.com/api/modules/stable/discord_rpc/1
2024-02-22T18:58:17.539Z [Modules] Streaming discord_rpc@1 to /home/kris/.config/discord/0.0.43/modules/pending/discord_rpc-1.zip
2024-02-22T18:58:17.670Z [Modules] Streaming discord_rpc@1 to /home/kris/.config/discord/0.0.43/modules/pending/discord_rpc-1.zip: 100%
2024-02-22T18:58:17.672Z [Modules] Finished module downloads. [success: 1] [failure: 0]
2024-02-22T18:58:17.672Z [Modules] Installing discord_rpc@1 from /home/kris/.config/discord/0.0.43/modules/pending/discord_rpc-1.zip
2024-02-22T18:58:17.705Z [Modules] Finished module installations. [success: 1] [failure: 0]
2024-02-22T19:03:07.254Z [Modules] Modules initializing
2024-02-22T19:03:07.255Z [Modules] Distribution: remote
2024-02-22T19:03:07.255Z [Modules] Host updates: enabled
2024-02-22T19:03:07.256Z [Modules] Module updates: enabled
2024-02-22T19:03:07.257Z [Modules] Module install path: /home/kris/.config/discord/0.0.43/modules
2024-02-22T19:03:07.257Z [Modules] Module installed file path: /home/kris/.config/discord/0.0.43/modules/installed.json
2024-02-22T19:03:07.258Z [Modules] Module download path: /home/kris/.config/discord/0.0.43/modules/pending
2024-02-22T19:03:07.677Z [Modules] No updates to install
2024-02-22T19:03:07.679Z [Modules] Checking for host updates.
2024-02-22T19:03:07.810Z [Modules] Host is up to date.
2024-02-22T19:03:07.813Z [Modules] Checking for module updates at https://discord.com/api/modules/stable/versions.json
2024-02-22T19:03:07.855Z [Modules] No module updates available.
2024-02-22T19:03:13.311Z [Modules] Checking for host updates.
2024-02-22T19:03:13.393Z [Modules] Host is up to date.
2024-02-22T19:03:13.393Z [Modules] Checking for module updates at https://discord.com/api/modules/stable/versions.json
2024-02-22T19:03:13.399Z [Modules] No module updates available.
2024-02-22T19:24:56.293Z [Modules] Modules initializing
2024-02-22T19:24:56.294Z [Modules] Distribution: remote
2024-02-22T19:24:56.294Z [Modules] Host updates: enabled
2024-02-22T19:24:56.295Z [Modules] Module updates: enabled
2024-02-22T19:24:56.295Z [Modules] Module install path: /home/kris/.config/discord/0.0.43/modules
2024-02-22T19:24:56.296Z [Modules] Module installed file path: /home/kris/.config/discord/0.0.43/modules/installed.json
2024-02-22T19:24:56.296Z [Modules] Module download path: /home/kris/.config/discord/0.0.43/modules/pending
2024-02-22T19:24:56.968Z [Modules] No updates to install
2024-02-22T19:24:56.969Z [Modules] Checking for host updates.
2024-02-22T19:24:57.112Z [Modules] Host is up to date.
2024-02-22T19:24:57.112Z [Modules] Checking for module updates at https://discord.com/api/modules/stable/versions.json
2024-02-22T19:24:57.155Z [Modules] No module updates available.
2024-02-22T19:25:03.206Z [Modules] Checking for host updates.
2024-02-22T19:25:03.393Z [Modules] Host is up to date.
2024-02-22T19:25:03.393Z [Modules] Checking for module updates at https://discord.com/api/modules/stable/versions.json
2024-02-22T19:25:03.448Z [Modules] No module updates available.
2024-02-22T20:25:03.210Z [Modules] Checking for host updates.
2024-02-22T20:25:03.352Z [Modules] Host is up to date.
2024-02-22T20:25:03.352Z [Modules] Checking for module updates at https://discord.com/api/modules/stable/versions.json
2024-02-22T20:25:03.378Z [Modules] No module updates available.
2024-02-22T21:25:03.207Z [Modules] Checking for host updates.
2024-02-22T21:25:03.372Z [Modules] Host is up to date.
2024-02-22T21:25:03.372Z [Modules] Checking for module updates at https://discord.com/api/modules/stable/versions.json
2024-02-22T21:25:03.415Z [Modules] No module updates available.
2024-02-22T22:25:03.207Z [Modules] Checking for host updates.
2024-02-22T22:25:03.308Z [Modules] Host is up to date.
2024-02-22T22:25:03.308Z [Modules] Checking for module updates at https://discord.com/api/modules/stable/versions.json
2024-02-22T22:25:03.331Z [Modules] No module updates available.
2024-02-22T23:25:03.207Z [Modules] Checking for host updates.
2024-02-22T23:25:03.309Z [Modules] Host is up to date.
2024-02-22T23:25:03.309Z [Modules] Checking for module updates at https://discord.com/api/modules/stable/versions.json
2024-02-22T23:25:03.337Z [Modules] No module updates available.
2024-02-23T00:25:03.207Z [Modules] Checking for host updates.
2024-02-23T00:25:03.333Z [Modules] Host is up to date.
2024-02-23T00:25:03.333Z [Modules] Checking for module updates at https://discord.com/api/modules/stable/versions.json
2024-02-23T00:25:03.363Z [Modules] No module updates available.
2024-02-23T01:25:03.207Z [Modules] Checking for host updates.
2024-02-23T01:25:03.314Z [Modules] Host is up to date.
2024-02-23T01:25:03.314Z [Modules] Checking for module updates at https://discord.com/api/modules/stable/versions.json
2024-02-23T01:25:03.340Z [Modules] No module updates available.
2024-02-23T02:25:03.207Z [Modules] Checking for host updates.
2024-02-23T02:25:03.319Z [Modules] Host is up to date.
2024-02-23T02:25:03.319Z [Modules] Checking for module updates at https://discord.com/api/modules/stable/versions.json
2024-02-23T02:25:03.345Z [Modules] No module updates available.
2024-02-23T03:25:03.207Z [Modules] Checking for host updates.
2024-02-23T03:25:03.319Z [Modules] Host is up to date.
2024-02-23T03:25:03.319Z [Modules] Checking for module updates at https://discord.com/api/modules/stable/versions.json
2024-02-23T03:25:03.347Z [Modules] No module updates available.
2024-02-23T04:25:03.207Z [Modules] Checking for host updates.
2024-02-23T04:25:03.308Z [Modules] Host is up to date.
2024-02-23T04:25:03.308Z [Modules] Checking for module updates at https://discord.com/api/modules/stable/versions.json
2024-02-23T04:25:03.329Z [Modules] No module updates available.
2024-02-23T05:25:03.207Z [Modules] Checking for host updates.
2024-02-23T05:25:03.319Z [Modules] Host is up to date.
2024-02-23T05:25:03.319Z [Modules] Checking for module updates at https://discord.com/api/modules/stable/versions.json
2024-02-23T05:25:03.342Z [Modules] No module updates available.
2024-02-23T06:25:03.207Z [Modules] Checking for host updates.
2024-02-23T06:25:03.306Z [Modules] Host is up to date.
2024-02-23T06:25:03.306Z [Modules] Checking for module updates at https://discord.com/api/modules/stable/versions.json
2024-02-23T06:25:03.334Z [Modules] No module updates available.
2024-02-23T07:25:03.207Z [Modules] Checking for host updates.
2024-02-23T07:25:03.302Z [Modules] Host is up to date.
2024-02-23T07:25:03.302Z [Modules] Checking for module updates at https://discord.com/api/modules/stable/versions.json
2024-02-23T07:25:03.319Z [Modules] No module updates available.
2024-02-23T08:25:03.206Z [Modules] Checking for host updates.
2024-02-23T08:25:03.302Z [Modules] Host is up to date.
2024-02-23T08:25:03.302Z [Modules] Checking for module updates at https://discord.com/api/modules/stable/versions.json
2024-02-23T08:25:03.318Z [Modules] No module updates available.
2024-02-23T09:25:03.206Z [Modules] Checking for host updates.
2024-02-23T09:25:03.300Z [Modules] Host is up to date.
2024-02-23T09:25:03.300Z [Modules] Checking for module updates at https://discord.com/api/modules/stable/versions.json
2024-02-23T09:25:03.316Z [Modules] No module updates available.
2024-02-23T10:25:03.206Z [Modules] Checking for host updates.
2024-02-23T10:25:03.295Z [Modules] Host is up to date.
2024-02-23T10:25:03.295Z [Modules] Checking for module updates at https://discord.com/api/modules/stable/versions.json
2024-02-23T10:25:03.313Z [Modules] No module updates available.
2024-02-23T11:25:03.207Z [Modules] Checking for host updates.
2024-02-23T11:25:03.316Z [Modules] Host is up to date.
2024-02-23T11:25:03.317Z [Modules] Checking for module updates at https://discord.com/api/modules/stable/versions.json
2024-02-23T11:25:03.336Z [Modules] No module updates available.
2024-02-23T12:25:03.207Z [Modules] Checking for host updates.
2024-02-23T12:25:03.295Z [Modules] Host is up to date.
2024-02-23T12:25:03.295Z [Modules] Checking for module updates at https://discord.com/api/modules/stable/versions.json
2024-02-23T12:25:03.317Z [Modules] No module updates available.
2024-02-23T13:25:03.207Z [Modules] Checking for host updates.
2024-02-23T13:25:03.381Z [Modules] Host is up to date.
2024-02-23T13:25:03.382Z [Modules] Checking for module updates at https://discord.com/api/modules/stable/versions.json
2024-02-23T13:25:03.409Z [Modules] No module updates available.
2024-02-23T14:25:03.208Z [Modules] Checking for host updates.
2024-02-23T14:25:03.308Z [Modules] Host is up to date.
2024-02-23T14:25:03.308Z [Modules] Checking for module updates at https://discord.com/api/modules/stable/versions.json
2024-02-23T14:25:03.384Z [Modules] No module updates available.
2024-02-23T15:17:18.495Z [Modules] Modules initializing
2024-02-23T15:17:18.496Z [Modules] Distribution: remote
2024-02-23T15:17:18.497Z [Modules] Host updates: enabled
2024-02-23T15:17:18.497Z [Modules] Module updates: enabled
2024-02-23T15:17:18.499Z [Modules] Module install path: /home/kris/.config/discord/0.0.43/modules
2024-02-23T15:17:18.501Z [Modules] Module installed file path: /home/kris/.config/discord/0.0.43/modules/installed.json
2024-02-23T15:17:18.502Z [Modules] Module download path: /home/kris/.config/discord/0.0.43/modules/pending
2024-02-23T15:17:19.103Z [Modules] No updates to install
2024-02-23T15:17:19.104Z [Modules] Checking for host updates.
2024-02-23T15:17:19.271Z [Modules] Host is up to date.
2024-02-23T15:17:19.272Z [Modules] Checking for module updates at https://discord.com/api/modules/stable/versions.json
2024-02-23T15:17:19.314Z [Modules] No module updates available.
2024-02-23T15:17:25.413Z [Modules] Checking for host updates.
2024-02-23T15:17:25.490Z [Modules] Host is up to date.
2024-02-23T15:17:25.490Z [Modules] Checking for module updates at https://discord.com/api/modules/stable/versions.json
2024-02-23T15:17:25.495Z [Modules] No module updates available.
2024-02-23T15:27:37.368Z [Modules] Modules initializing
2024-02-23T15:27:37.368Z [Modules] Distribution: remote
2024-02-23T15:27:37.369Z [Modules] Host updates: enabled
2024-02-23T15:27:37.369Z [Modules] Module updates: enabled
2024-02-23T15:27:37.370Z [Modules] Module install path: /home/kris/.config/discord/0.0.43/modules
2024-02-23T15:27:37.371Z [Modules] Module installed file path: /home/kris/.config/discord/0.0.43/modules/installed.json
2024-02-23T15:27:37.373Z [Modules] Module download path: /home/kris/.config/discord/0.0.43/modules/pending
2024-02-23T15:27:37.949Z [Modules] No updates to install
2024-02-23T15:27:37.951Z [Modules] Checking for host updates.
2024-02-23T15:27:38.064Z [Modules] Host is up to date.
2024-02-23T15:27:38.065Z [Modules] Checking for module updates at https://discord.com/api/modules/stable/versions.json
2024-02-23T15:27:38.109Z [Modules] No module updates available.
2024-02-23T15:27:44.262Z [Modules] Checking for host updates.
2024-02-23T15:27:44.350Z [Modules] Host is up to date.
2024-02-23T15:27:44.350Z [Modules] Checking for module updates at https://discord.com/api/modules/stable/versions.json
2024-02-23T15:27:44.357Z [Modules] No module updates available.
2024-02-23T16:27:44.264Z [Modules] Checking for host updates.
2024-02-23T16:27:44.364Z [Modules] Host is up to date.
2024-02-23T16:27:44.364Z [Modules] Checking for module updates at https://discord.com/api/modules/stable/versions.json
2024-02-23T16:27:44.388Z [Modules] No module updates available.
2024-02-23T17:27:44.263Z [Modules] Checking for host updates.
2024-02-23T17:27:44.361Z [Modules] Host is up to date.
2024-02-23T17:27:44.361Z [Modules] Checking for module updates at https://discord.com/api/modules/stable/versions.json
2024-02-23T17:27:44.384Z [Modules] No module updates available.
2024-02-23T18:27:44.263Z [Modules] Checking for host updates.
2024-02-23T18:27:44.410Z [Modules] Host is up to date.
2024-02-23T18:27:44.410Z [Modules] Checking for module updates at https://discord.com/api/modules/stable/versions.json
2024-02-23T18:27:44.449Z [Modules] No module updates available.
2024-02-23T19:27:44.263Z [Modules] Checking for host updates.
2024-02-23T19:27:44.493Z [Modules] Host is up to date.
2024-02-23T19:27:44.493Z [Modules] Checking for module updates at https://discord.com/api/modules/stable/versions.json
2024-02-23T19:27:44.534Z [Modules] No module updates available.
2024-02-23T20:27:44.263Z [Modules] Checking for host updates.
2024-02-23T20:27:44.375Z [Modules] Host is up to date.
2024-02-23T20:27:44.375Z [Modules] Checking for module updates at https://discord.com/api/modules/stable/versions.json
2024-02-23T20:27:44.413Z [Modules] No module updates available.
2024-02-23T21:27:44.263Z [Modules] Checking for host updates.
2024-02-23T21:27:44.363Z [Modules] Host is up to date.
2024-02-23T21:27:44.363Z [Modules] Checking for module updates at https://discord.com/api/modules/stable/versions.json
2024-02-23T21:27:44.385Z [Modules] No module updates available.
2024-02-23T22:27:44.263Z [Modules] Checking for host updates.
2024-02-23T22:27:44.379Z [Modules] Host is up to date.
2024-02-23T22:27:44.379Z [Modules] Checking for module updates at https://discord.com/api/modules/stable/versions.json
2024-02-23T22:27:44.408Z [Modules] No module updates available.
2024-02-23T23:27:44.263Z [Modules] Checking for host updates.
2024-02-23T23:27:44.382Z [Modules] Host is up to date.
2024-02-23T23:27:44.382Z [Modules] Checking for module updates at https://discord.com/api/modules/stable/versions.json
2024-02-23T23:27:44.402Z [Modules] No module updates available.
2024-02-24T00:27:44.263Z [Modules] Checking for host updates.
2024-02-24T00:27:44.377Z [Modules] Host is up to date.
2024-02-24T00:27:44.377Z [Modules] Checking for module updates at https://discord.com/api/modules/stable/versions.json
2024-02-24T00:27:44.396Z [Modules] No module updates available.
2024-02-24T01:27:44.263Z [Modules] Checking for host updates.
2024-02-24T01:27:44.432Z [Modules] Host is up to date.
2024-02-24T01:27:44.432Z [Modules] Checking for module updates at https://discord.com/api/modules/stable/versions.json
2024-02-24T01:27:44.452Z [Modules] No module updates available.
2024-02-24T02:27:44.262Z [Modules] Checking for host updates.
2024-02-24T02:27:44.367Z [Modules] Host is up to date.
2024-02-24T02:27:44.367Z [Modules] Checking for module updates at https://discord.com/api/modules/stable/versions.json
2024-02-24T02:27:44.388Z [Modules] No module updates available.
2024-02-24T03:27:44.263Z [Modules] Checking for host updates.
2024-02-24T03:27:44.377Z [Modules] Host is up to date.
2024-02-24T03:27:44.377Z [Modules] Checking for module updates at https://discord.com/api/modules/stable/versions.json
2024-02-24T03:27:44.400Z [Modules] No module updates available.
2024-02-24T04:27:44.263Z [Modules] Checking for host updates.
2024-02-24T04:27:44.357Z [Modules] Host is up to date.
2024-02-24T04:27:44.358Z [Modules] Checking for module updates at https://discord.com/api/modules/stable/versions.json
2024-02-24T04:27:44.380Z [Modules] No module updates available.
2024-02-24T05:27:44.263Z [Modules] Checking for host updates.
2024-02-24T05:27:44.356Z [Modules] Host is up to date.
2024-02-24T05:27:44.357Z [Modules] Checking for module updates at https://discord.com/api/modules/stable/versions.json
2024-02-24T05:27:44.390Z [Modules] No module updates available.
2024-02-24T06:27:44.263Z [Modules] Checking for host updates.
2024-02-24T06:27:44.345Z [Modules] Host is up to date.
2024-02-24T06:27:44.346Z [Modules] Checking for module updates at https://discord.com/api/modules/stable/versions.json
2024-02-24T06:27:44.365Z [Modules] No module updates available.
2024-02-24T07:27:44.263Z [Modules] Checking for host updates.
2024-02-24T07:27:44.360Z [Modules] Host is up to date.
2024-02-24T07:27:44.360Z [Modules] Checking for module updates at https://discord.com/api/modules/stable/versions.json
2024-02-24T07:27:44.384Z [Modules] No module updates available.
2024-02-24T08:27:44.263Z [Modules] Checking for host updates.
2024-02-24T08:27:44.393Z [Modules] Host is up to date.
2024-02-24T08:27:44.393Z [Modules] Checking for module updates at https://discord.com/api/modules/stable/versions.json
2024-02-24T08:27:44.414Z [Modules] No module updates available.
2024-02-24T09:27:44.263Z [Modules] Checking for host updates.
2024-02-24T09:27:44.357Z [Modules] Host is up to date.
2024-02-24T09:27:44.357Z [Modules] Checking for module updates at https://discord.com/api/modules/stable/versions.json
2024-02-24T09:27:44.376Z [Modules] No module updates available.
2024-02-24T10:27:44.262Z [Modules] Checking for host updates.
2024-02-24T10:27:44.354Z [Modules] Host is up to date.
2024-02-24T10:27:44.355Z [Modules] Checking for module updates at https://discord.com/api/modules/stable/versions.json
2024-02-24T10:27:44.371Z [Modules] No module updates available.
2024-02-24T11:27:44.263Z [Modules] Checking for host updates.
2024-02-24T11:27:44.358Z [Modules] Host is up to date.
2024-02-24T11:27:44.358Z [Modules] Checking for module updates at https://discord.com/api/modules/stable/versions.json
2024-02-24T11:27:44.380Z [Modules] No module updates available.
2024-02-24T12:27:44.263Z [Modules] Checking for host updates.
2024-02-24T12:27:44.399Z [Modules] Host is up to date.
2024-02-24T12:27:44.400Z [Modules] Checking for module updates at https://discord.com/api/modules/stable/versions.json
2024-02-24T12:27:44.420Z [Modules] No module updates available.
2024-02-24T13:27:44.263Z [Modules] Checking for host updates.
2024-02-24T13:27:44.375Z [Modules] Host is up to date.
2024-02-24T13:27:44.376Z [Modules] Checking for module updates at https://discord.com/api/modules/stable/versions.json
2024-02-24T13:27:44.406Z [Modules] No module updates available.
2024-02-24T14:27:44.263Z [Modules] Checking for host updates.
2024-02-24T14:27:44.354Z [Modules] Host is up to date.
2024-02-24T14:27:44.354Z [Modules] Checking for module updates at https://discord.com/api/modules/stable/versions.json
2024-02-24T14:27:44.378Z [Modules] No module updates available.
2024-02-24T15:27:44.263Z [Modules] Checking for host updates.
2024-02-24T15:27:44.367Z [Modules] Host is up to date.
2024-02-24T15:27:44.367Z [Modules] Checking for module updates at https://discord.com/api/modules/stable/versions.json
2024-02-24T15:27:44.392Z [Modules] No module updates available.
2024-02-24T16:27:44.263Z [Modules] Checking for host updates.
2024-02-24T16:27:44.367Z [Modules] Host is up to date.
2024-02-24T16:27:44.367Z [Modules] Checking for module updates at https://discord.com/api/modules/stable/versions.json
2024-02-24T16:27:44.386Z [Modules] No module updates available.
2024-02-24T17:27:44.263Z [Modules] Checking for host updates.
2024-02-24T17:27:44.392Z [Modules] Host is up to date.
2024-02-24T17:27:44.392Z [Modules] Checking for module updates at https://discord.com/api/modules/stable/versions.json
2024-02-24T17:27:44.419Z [Modules] No module updates available.
2024-02-24T18:27:44.263Z [Modules] Checking for host updates.
2024-02-24T18:27:44.385Z [Modules] Host is up to date.
2024-02-24T18:27:44.386Z [Modules] Checking for module updates at https://discord.com/api/modules/stable/versions.json
2024-02-24T18:27:44.407Z [Modules] No module updates available.
2024-02-24T19:27:44.263Z [Modules] Checking for host updates.
2024-02-24T19:27:44.361Z [Modules] Host is up to date.
2024-02-24T19:27:44.362Z [Modules] Checking for module updates at https://discord.com/api/modules/stable/versions.json
2024-02-24T19:27:44.394Z [Modules] No module updates available.
2024-02-24T20:27:44.263Z [Modules] Checking for host updates.
2024-02-24T20:27:44.393Z [Modules] Host is up to date.
2024-02-24T20:27:44.393Z [Modules] Checking for module updates at https://discord.com/api/modules/stable/versions.json
2024-02-24T20:27:44.429Z [Modules] No module updates available.
2024-02-24T21:27:44.263Z [Modules] Checking for host updates.
2024-02-24T21:27:44.384Z [Modules] Host is up to date.
2024-02-24T21:27:44.384Z [Modules] Checking for module updates at https://discord.com/api/modules/stable/versions.json
2024-02-24T21:27:44.407Z [Modules] No module updates available.
2024-02-24T22:27:44.263Z [Modules] Checking for host updates.
2024-02-24T22:27:44.391Z [Modules] Host is up to date.
2024-02-24T22:27:44.392Z [Modules] Checking for module updates at https://discord.com/api/modules/stable/versions.json
2024-02-24T22:27:44.414Z [Modules] No module updates available.
2024-02-24T23:27:44.263Z [Modules] Checking for host updates.
2024-02-24T23:27:44.405Z [Modules] Host is up to date.
2024-02-24T23:27:44.406Z [Modules] Checking for module updates at https://discord.com/api/modules/stable/versions.json
2024-02-24T23:27:44.428Z [Modules] No module updates available.
2024-02-25T00:27:44.263Z [Modules] Checking for host updates.
2024-02-25T00:27:44.371Z [Modules] Host is up to date.
2024-02-25T00:27:44.371Z [Modules] Checking for module updates at https://discord.com/api/modules/stable/versions.json
2024-02-25T00:27:44.408Z [Modules] No module updates available.
2024-02-25T01:27:44.262Z [Modules] Checking for host updates.
2024-02-25T01:27:44.363Z [Modules] Host is up to date.
2024-02-25T01:27:44.364Z [Modules] Checking for module updates at https://discord.com/api/modules/stable/versions.json
2024-02-25T01:27:44.384Z [Modules] No module updates available.
2024-02-25T02:27:44.263Z [Modules] Checking for host updates.
2024-02-25T02:27:44.357Z [Modules] Host is up to date.
2024-02-25T02:27:44.357Z [Modules] Checking for module updates at https://discord.com/api/modules/stable/versions.json
2024-02-25T02:27:44.379Z [Modules] No module updates available.
2024-02-25T03:27:44.263Z [Modules] Checking for host updates.
2024-02-25T03:27:44.369Z [Modules] Host is up to date.
2024-02-25T03:27:44.369Z [Modules] Checking for module updates at https://discord.com/api/modules/stable/versions.json
2024-02-25T03:27:44.394Z [Modules] No module updates available.
2024-02-25T04:27:44.263Z [Modules] Checking for host updates.
2024-02-25T04:27:44.399Z [Modules] Host is up to date.
2024-02-25T04:27:44.399Z [Modules] Checking for module updates at https://discord.com/api/modules/stable/versions.json
2024-02-25T04:27:44.424Z [Modules] No module updates available.
2024-02-25T05:27:44.263Z [Modules] Checking for host updates.
2024-02-25T05:27:44.348Z [Modules] Host is up to date.
2024-02-25T05:27:44.348Z [Modules] Checking for module updates at https://discord.com/api/modules/stable/versions.json
2024-02-25T05:27:44.369Z [Modules] No module updates available.
2024-02-25T06:27:44.263Z [Modules] Checking for host updates.
2024-02-25T06:27:44.361Z [Modules] Host is up to date.
2024-02-25T06:27:44.361Z [Modules] Checking for module updates at https://discord.com/api/modules/stable/versions.json
2024-02-25T06:27:44.382Z [Modules] No module updates available.
2024-02-25T07:27:44.263Z [Modules] Checking for host updates.
2024-02-25T07:27:44.353Z [Modules] Host is up to date.
2024-02-25T07:27:44.354Z [Modules] Checking for module updates at https://discord.com/api/modules/stable/versions.json
2024-02-25T07:27:44.374Z [Modules] No module updates available.
2024-02-25T08:27:44.263Z [Modules] Checking for host updates.
2024-02-25T08:27:44.364Z [Modules] Host is up to date.
2024-02-25T08:27:44.364Z [Modules] Checking for module updates at https://discord.com/api/modules/stable/versions.json
2024-02-25T08:27:44.380Z [Modules] No module updates available.
2024-02-25T09:27:44.263Z [Modules] Checking for host updates.
2024-02-25T09:27:44.353Z [Modules] Host is up to date.
2024-02-25T09:27:44.354Z [Modules] Checking for module updates at https://discord.com/api/modules/stable/versions.json
2024-02-25T09:27:44.373Z [Modules] No module updates available.
2024-02-25T10:27:44.263Z [Modules] Checking for host updates.
2024-02-25T10:27:44.381Z [Modules] Host is up to date.
2024-02-25T10:27:44.381Z [Modules] Checking for module updates at https://discord.com/api/modules/stable/versions.json
2024-02-25T10:27:44.407Z [Modules] No module updates available.
2024-02-25T11:27:44.263Z [Modules] Checking for host updates.
2024-02-25T11:27:44.356Z [Modules] Host is up to date.
2024-02-25T11:27:44.357Z [Modules] Checking for module updates at https://discord.com/api/modules/stable/versions.json
2024-02-25T11:27:44.374Z [Modules] No module updates available.
2024-02-25T12:27:44.263Z [Modules] Checking for host updates.
2024-02-25T12:27:44.357Z [Modules] Host is up to date.
2024-02-25T12:27:44.357Z [Modules] Checking for module updates at https://discord.com/api/modules/stable/versions.json
2024-02-25T12:27:44.375Z [Modules] No module updates available.
2024-02-25T13:27:44.262Z [Modules] Checking for host updates.
2024-02-25T13:27:44.359Z [Modules] Host is up to date.
2024-02-25T13:27:44.359Z [Modules] Checking for module updates at https://discord.com/api/modules/stable/versions.json
2024-02-25T13:27:44.377Z [Modules] No module updates available.
2024-02-25T14:27:44.262Z [Modules] Checking for host updates.
2024-02-25T14:27:44.375Z [Modules] Host is up to date.
2024-02-25T14:27:44.375Z [Modules] Checking for module updates at https://discord.com/api/modules/stable/versions.json
2024-02-25T14:27:44.395Z [Modules] No module updates available.
2024-02-25T15:27:44.262Z [Modules] Checking for host updates.
2024-02-25T15:27:44.389Z [Modules] Host is up to date.
2024-02-25T15:27:44.389Z [Modules] Checking for module updates at https://discord.com/api/modules/stable/versions.json
2024-02-25T15:27:44.425Z [Modules] No module updates available.
2024-02-25T16:27:44.263Z [Modules] Checking for host updates.
2024-02-25T16:27:44.414Z [Modules] Host is up to date.
2024-02-25T16:27:44.414Z [Modules] Checking for module updates at https://discord.com/api/modules/stable/versions.json
2024-02-25T16:27:44.437Z [Modules] No module updates available.
2024-02-25T17:27:44.263Z [Modules] Checking for host updates.
2024-02-25T17:27:44.357Z [Modules] Host is up to date.
2024-02-25T17:27:44.358Z [Modules] Checking for module updates at https://discord.com/api/modules/stable/versions.json
2024-02-25T17:27:44.378Z [Modules] No module updates available.
2024-02-25T18:27:31.297Z [Modules] Modules initializing
2024-02-25T18:27:31.297Z [Modules] Distribution: remote
2024-02-25T18:27:31.298Z [Modules] Host updates: enabled
2024-02-25T18:27:31.298Z [Modules] Module updates: enabled
2024-02-25T18:27:31.302Z [Modules] Module install path: /home/kris/.config/discord/0.0.43/modules
2024-02-25T18:27:31.302Z [Modules] Module installed file path: /home/kris/.config/discord/0.0.43/modules/installed.json
2024-02-25T18:27:31.303Z [Modules] Module download path: /home/kris/.config/discord/0.0.43/modules/pending
2024-02-25T18:27:31.829Z [Modules] No updates to install
2024-02-25T18:27:31.831Z [Modules] Checking for host updates.
2024-02-25T18:27:32.025Z [Modules] Host is up to date.
2024-02-25T18:27:32.025Z [Modules] Checking for module updates at https://discord.com/api/modules/stable/versions.json
2024-02-25T18:27:32.050Z [Modules] No module updates available.
2024-02-25T18:27:38.184Z [Modules] Checking for host updates.
2024-02-25T18:27:38.271Z [Modules] Host is up to date.
2024-02-25T18:27:38.272Z [Modules] Checking for module updates at https://discord.com/api/modules/stable/versions.json
2024-02-25T18:27:38.279Z [Modules] No module updates available.
2024-02-25T18:58:10.087Z [Modules] Modules initializing
2024-02-25T18:58:10.088Z [Modules] Distribution: remote
2024-02-25T18:58:10.091Z [Modules] Host updates: enabled
2024-02-25T18:58:10.091Z [Modules] Module updates: enabled
2024-02-25T18:58:10.093Z [Modules] Module install path: /home/kris/.config/discord/0.0.43/modules
2024-02-25T18:58:10.094Z [Modules] Module installed file path: /home/kris/.config/discord/0.0.43/modules/installed.json
2024-02-25T18:58:10.095Z [Modules] Module download path: /home/kris/.config/discord/0.0.43/modules/pending
2024-02-25T18:58:10.906Z [Modules] No updates to install
2024-02-25T18:58:10.907Z [Modules] Checking for host updates.
2024-02-25T18:58:11.084Z [Modules] Host is up to date.
2024-02-25T18:58:11.085Z [Modules] Checking for module updates at https://discord.com/api/modules/stable/versions.json
2024-02-25T18:58:11.113Z [Modules] No module updates available.
2024-02-25T18:58:17.566Z [Modules] Checking for host updates.
2024-02-25T18:58:17.693Z [Modules] Host is up to date.
2024-02-25T18:58:17.693Z [Modules] Checking for module updates at https://discord.com/api/modules/stable/versions.json
2024-02-25T18:58:17.698Z [Modules] No module updates available.
2024-02-25T19:58:17.570Z [Modules] Checking for host updates.
2024-02-25T19:58:17.665Z [Modules] Host is up to date.
2024-02-25T19:58:17.665Z [Modules] Checking for module updates at https://discord.com/api/modules/stable/versions.json
2024-02-25T19:58:17.698Z [Modules] No module updates available.
2024-02-25T20:58:17.566Z [Modules] Checking for host updates.
2024-02-25T20:58:17.666Z [Modules] Host is up to date.
2024-02-25T20:58:17.666Z [Modules] Checking for module updates at https://discord.com/api/modules/stable/versions.json
2024-02-25T20:58:17.691Z [Modules] No module updates available.
