INFO: 2024-02-25 13:58:08,360: main() 'Using profile folder /home/kris/.config/variety/'
INFO: 2024-02-25 13:58:08,363: perform_upgrade() 'Last run version was 0.8.12 or earlier, current version is 0.8.12'
ERROR: 2024-02-25 13:58:08,363: perform_upgrade() 'Error during version upgrade. Continuing.'
Traceback (most recent call last):
  File "/usr/lib/python3.11/site-packages/variety/VarietyWindow.py", line 2283, in perform_upgrade
    if Util.compare_versions(last_version, "0.4.13") < 0:
       ^^^^^^^^^^^^^^^^^^^^^^^^^^^^^^^^^^^^^^^^^^^^^
  File "/usr/lib/python3.11/site-packages/variety/Util.py", line 768, in compare_versions
    from pkg_resources import parse_version
ModuleNotFoundError: No module named 'pkg_resources'
INFO: 2024-02-25 13:58:08,369: process_command() 'Received command: []'
INFO: 2024-02-25 13:58:08,392: start() 'Using data_path /usr/share/variety'
INFO: 2024-02-25 13:58:08,392: load() 'Jumble loading'
INFO: 2024-02-25 13:58:08,393: _walk_modules() 'Jumble loading module in __init__ from /usr/lib/python3.11/site-packages/variety/plugins/builtin/__init__.py'
INFO: 2024-02-25 13:58:08,394: _walk_modules() 'Jumble loading module in LegacyDisplayModesPlugin from /usr/lib/python3.11/site-packages/variety/plugins/builtin/display_modes/LegacyDisplayModesPlugin.py'
INFO: 2024-02-25 13:58:08,394: load() 'Jumble found plugin class: <class 'LegacyDisplayModesPlugin.LegacyDisplayModesPlugin'>: {'name': 'LegacyDisplayModesPlugin', 'description': 'Legacy display mode for compatibility with past Variety versions', 'version': '1.0', 'author': 'Peter Levi'}'
INFO: 2024-02-25 13:58:08,394: _walk_modules() 'Jumble loading module in GnomeDisplayModesPlugin from /usr/lib/python3.11/site-packages/variety/plugins/builtin/display_modes/GnomeDisplayModesPlugin.py'
INFO: 2024-02-25 13:58:08,395: load() 'Jumble found plugin class: <class 'GnomeDisplayModesPlugin.GnomeDisplayModesPlugin'>: {'name': 'GnomeDisplayModesPlugin', 'description': 'Display modes relying on the underlying desktop environment', 'version': '1.0', 'author': 'Peter Levi'}'
INFO: 2024-02-25 13:58:08,395: _walk_modules() 'Jumble loading module in ResizingDisplayModesPlugin from /usr/lib/python3.11/site-packages/variety/plugins/builtin/display_modes/ResizingDisplayModesPlugin.py'
INFO: 2024-02-25 13:58:08,397: load() 'Jumble found plugin class: <class 'ResizingDisplayModesPlugin.ResizingDisplayModesPlugin'>: {'name': 'ResizingDisplayModesPlugin', 'description': 'Display modes that use image resizing within Variety', 'version': '1.0', 'author': 'Peter Levi'}'
INFO: 2024-02-25 13:58:08,398: _walk_modules() 'Jumble loading module in __init__ from /usr/lib/python3.11/site-packages/variety/plugins/builtin/display_modes/__init__.py'
INFO: 2024-02-25 13:58:08,398: _walk_modules() 'Jumble loading module in QuotationsPageSource from /usr/lib/python3.11/site-packages/variety/plugins/builtin/quotes/QuotationsPageSource.py'
INFO: 2024-02-25 13:58:08,499: load() 'Jumble found plugin class: <class 'QuotationsPageSource.QuotationsPageSource'>: {'name': 'TheQuotationsPage.com', 'description': 'Fetches quotes from TheQuotationsPage.com', 'author': 'Peter Levi', 'version': '0.1'}'
INFO: 2024-02-25 13:58:08,499: _walk_modules() 'Jumble loading module in __init__ from /usr/lib/python3.11/site-packages/variety/plugins/builtin/quotes/__init__.py'
INFO: 2024-02-25 13:58:08,500: _walk_modules() 'Jumble loading module in FortuneSource from /usr/lib/python3.11/site-packages/variety/plugins/builtin/quotes/FortuneSource.py'
INFO: 2024-02-25 13:58:08,502: load() 'Jumble found plugin class: <class 'FortuneSource.FortuneSource'>: {'name': 'UNIX fortune program', 'description': 'Displays quotes using the UNIX fortune program. You may want to install additional fortune packs, e.g. fortunes-bofh-excuses.', 'author': 'Dan Jones', 'version': '0.1'}'
INFO: 2024-02-25 13:58:08,502: _walk_modules() 'Jumble loading module in GoodreadsSource from /usr/lib/python3.11/site-packages/variety/plugins/builtin/quotes/GoodreadsSource.py'
INFO: 2024-02-25 13:58:08,504: load() 'Jumble found plugin class: <class 'GoodreadsSource.GoodreadsSource'>: {'name': 'Goodreads', 'description': 'Fetches quotes from Goodreads.com', 'author': 'Peter Levi', 'version': '0.1'}'
INFO: 2024-02-25 13:58:08,505: _walk_modules() 'Jumble loading module in UrbanDictionarySource from /usr/lib/python3.11/site-packages/variety/plugins/builtin/quotes/UrbanDictionarySource.py'
INFO: 2024-02-25 13:58:08,506: load() 'Jumble found plugin class: <class 'UrbanDictionarySource.UrbanDictionarySource'>: {'name': 'Urban Dictionary', 'description': 'Displays definitions from Urban Dictionary', 'author': 'James Miller', 'version': '0.1'}'
INFO: 2024-02-25 13:58:08,506: _walk_modules() 'Jumble loading module in LocalFilesSource from /usr/lib/python3.11/site-packages/variety/plugins/builtin/quotes/LocalFilesSource.py'
INFO: 2024-02-25 13:58:08,508: load() 'Jumble found plugin class: <class 'LocalFilesSource.LocalFilesSource'>: {'name': 'Local text files', 'description': 'Displays quotes, defined in local text files.\nPut your own txt files in: ~/.config/variety/pluginconfig/quotes/.\nThe file format is:\n\nquote -- author\n.\nsecond quote -- another author\n.\netc...\n\nExample: http://rvelthuis.de/zips/quotes.txt', 'author': 'Peter Levi', 'version': '0.1'}'
INFO: 2024-02-25 13:58:08,509: _walk_modules() 'Jumble loading module in WallhavenDownloader from /usr/lib/python3.11/site-packages/variety/plugins/builtin/downloaders/WallhavenDownloader.py'
INFO: 2024-02-25 13:58:08,511: _walk_modules() 'Jumble loading module in MediaRSSDownloader from /usr/lib/python3.11/site-packages/variety/plugins/builtin/downloaders/MediaRSSDownloader.py'
INFO: 2024-02-25 13:58:08,512: _walk_modules() 'Jumble loading module in ArtStationDownloader from /usr/lib/python3.11/site-packages/variety/plugins/builtin/downloaders/ArtStationDownloader.py'
INFO: 2024-02-25 13:58:08,513: _walk_modules() 'Jumble loading module in BingDownloader from /usr/lib/python3.11/site-packages/variety/plugins/builtin/downloaders/BingDownloader.py'
INFO: 2024-02-25 13:58:08,513: load() 'Jumble found plugin class: <class 'BingDownloader.BingDownloader'>: {'name': 'BingDownloader', 'description': 'Bing Photo of the Day', 'author': 'Peter Levi', 'version': '0.1'}'
INFO: 2024-02-25 13:58:08,514: _walk_modules() 'Jumble loading module in WallhavenSource from /usr/lib/python3.11/site-packages/variety/plugins/builtin/downloaders/WallhavenSource.py'
INFO: 2024-02-25 13:58:08,516: load() 'Jumble found plugin class: <class 'WallhavenSource.WallhavenSource'>: {'name': 'WallhavenSource', 'description': 'Configurable source for fetching images from Wallhaven.cc', 'author': 'Peter Levi', 'version': '0.1'}'
INFO: 2024-02-25 13:58:08,516: _walk_modules() 'Jumble loading module in ArtStationSource from /usr/lib/python3.11/site-packages/variety/plugins/builtin/downloaders/ArtStationSource.py'
INFO: 2024-02-25 13:58:08,517: load() 'Jumble found plugin class: <class 'ArtStationSource.ArtStationSource'>: {'name': 'ArtStationSource', 'description': 'Configurable source for fetching images from ArtStation', 'author': 'Denis Gordeev', 'version': '0.1'}'
INFO: 2024-02-25 13:58:08,517: _walk_modules() 'Jumble loading module in EarthviewDownloader from /usr/lib/python3.11/site-packages/variety/plugins/builtin/downloaders/EarthviewDownloader.py'
INFO: 2024-02-25 13:58:08,518: load() 'Jumble found plugin class: <class 'EarthviewDownloader.EarthviewDownloader'>: {'name': 'EarthviewDownloader', 'description': 'Google Earth View Wallpapers', 'author': 'Peter Levi', 'version': '0.1'}'
INFO: 2024-02-25 13:58:08,518: _walk_modules() 'Jumble loading module in UnsplashDownloader from /usr/lib/python3.11/site-packages/variety/plugins/builtin/downloaders/UnsplashDownloader.py'
INFO: 2024-02-25 13:58:08,519: load() 'Jumble found plugin class: <class 'UnsplashDownloader.UnsplashDownloader'>: {'name': 'UnsplashDownloader', 'description': 'High-resolution photos from Unsplash.com', 'author': 'Peter Levi', 'version': '0.1'}'
INFO: 2024-02-25 13:58:08,520: _walk_modules() 'Jumble loading module in UnsplashConfigurableSource from /usr/lib/python3.11/site-packages/variety/plugins/builtin/downloaders/UnsplashConfigurableSource.py'
INFO: 2024-02-25 13:58:08,524: load() 'Jumble found plugin class: <class 'UnsplashConfigurableSource.UnsplashConfigurableSource'>: {'name': 'UnsplashConfigurableSource', 'description': 'Configurable source for fetching photos from Unsplash.com', 'author': 'Peter Levi', 'version': '0.1'}'
INFO: 2024-02-25 13:58:08,525: _walk_modules() 'Jumble loading module in WallhavenLegacyDownloader from /usr/lib/python3.11/site-packages/variety/plugins/builtin/downloaders/WallhavenLegacyDownloader.py'
INFO: 2024-02-25 13:58:08,526: _walk_modules() 'Jumble loading module in MediaRSSSource from /usr/lib/python3.11/site-packages/variety/plugins/builtin/downloaders/MediaRSSSource.py'
INFO: 2024-02-25 13:58:08,527: load() 'Jumble found plugin class: <class 'MediaRSSSource.MediaRSSSource'>: {'name': 'MediaRSSSource', 'description': 'Configurable source for fetching images from MediaRSS feeds', 'author': 'Peter Levi', 'version': '0.1'}'
INFO: 2024-02-25 13:58:08,527: _walk_modules() 'Jumble loading module in RedditSource from /usr/lib/python3.11/site-packages/variety/plugins/builtin/downloaders/RedditSource.py'
INFO: 2024-02-25 13:58:08,528: load() 'Jumble found plugin class: <class 'RedditSource.RedditSource'>: {'name': 'RedditSource', 'description': 'Configurable source for fetching images from Reddit', 'author': 'Peter Levi', 'version': '0.1'}'
INFO: 2024-02-25 13:58:08,528: _walk_modules() 'Jumble loading module in APODDownloader from /usr/lib/python3.11/site-packages/variety/plugins/builtin/downloaders/APODDownloader.py'
INFO: 2024-02-25 13:58:08,528: load() 'Jumble found plugin class: <class 'APODDownloader.APODDownloader'>: {'name': 'APODDownloader', 'description': 'NASA Astro Pic of the Day', 'author': 'Peter Levi', 'version': '0.1'}'
INFO: 2024-02-25 13:58:08,529: _walk_modules() 'Jumble loading module in NationalGeographicDownloader from /usr/lib/python3.11/site-packages/variety/plugins/builtin/downloaders/NationalGeographicDownloader.py'
INFO: 2024-02-25 13:58:08,529: load() 'Jumble found plugin class: <class 'NationalGeographicDownloader.NationalGeographicDownloader'>: {'name': 'NationalGeographicDownloader', 'description': "National Geographic's photo of the day", 'author': 'Eric Rösch', 'version': '0.1'}'
INFO: 2024-02-25 13:58:08,529: _walk_modules() 'Jumble loading module in __init__ from /usr/lib/python3.11/site-packages/variety/plugins/builtin/downloaders/__init__.py'
INFO: 2024-02-25 13:58:08,530: _walk_modules() 'Jumble loading module in RedditDownloader from /usr/lib/python3.11/site-packages/variety/plugins/builtin/downloaders/RedditDownloader.py'
INFO: 2024-02-25 13:58:08,547: log_options() 'Loaded options:'
INFO: 2024-02-25 13:58:08,547: log_options() 'change_enabled = True'
INFO: 2024-02-25 13:58:08,547: log_options() 'change_interval = 300'
INFO: 2024-02-25 13:58:08,547: log_options() 'change_on_start = True'
INFO: 2024-02-25 13:58:08,547: log_options() 'clipboard_enabled = False'
INFO: 2024-02-25 13:58:08,548: log_options() 'clipboard_hosts = ['wallhaven.cc', 'wallpapers.net', 'flickr.com', 'imgur.com', 'deviantart.com', 'interfacelift.com', 'vladstudio.com', 'imageshack.us', 'deviantart.net', 'imageshack.com']'
INFO: 2024-02-25 13:58:08,548: log_options() 'clipboard_use_whitelist = True'
INFO: 2024-02-25 13:58:08,548: log_options() 'clock_date_font = Serif 30'
INFO: 2024-02-25 13:58:08,548: log_options() 'clock_enabled = False'
INFO: 2024-02-25 13:58:08,548: log_options() 'clock_filter = -density 100 -font `fc-match -f '%{file[0]}' '%CLOCK_FONT_NAME'` -pointsize %CLOCK_FONT_SIZE -gravity SouthEast -fill '#00000044' -annotate 0x0+[%HOFFSET+58]+[%VOFFSET+108] '%H:%M' -fill white -annotate 0x0+[%HOFFSET+60]+[%VOFFSET+110] '%H:%M' -font `fc-match -f '%{file[0]}' '%DATE_FONT_NAME'` -pointsize %DATE_FONT_SIZE -fill '#00000044' -annotate 0x0+[%HOFFSET+58]+[%VOFFSET+58] '%A, %B %d' -fill white -annotate 0x0+[%HOFFSET+60]+[%VOFFSET+60] '%A, %B %d''
INFO: 2024-02-25 13:58:08,548: log_options() 'clock_font = Serif 70'
INFO: 2024-02-25 13:58:08,548: log_options() 'configfile = /home/kris/.config/variety/variety.conf'
INFO: 2024-02-25 13:58:08,548: log_options() 'copyto_enabled = False'
INFO: 2024-02-25 13:58:08,548: log_options() 'copyto_folder = Default'
INFO: 2024-02-25 13:58:08,548: log_options() 'desired_color = [160, 160, 160]'
INFO: 2024-02-25 13:58:08,548: log_options() 'desired_color_enabled = False'
INFO: 2024-02-25 13:58:08,548: log_options() 'download_folder = /home/kris/.config/variety/Downloaded'
INFO: 2024-02-25 13:58:08,548: log_options() 'download_preference_ratio = 0.9'
INFO: 2024-02-25 13:58:08,548: log_options() 'favorites_folder = /home/kris/.config/variety/Favorites'
INFO: 2024-02-25 13:58:08,548: log_options() 'favorites_operations = [['Downloaded', 'Copy'], ['Fetched', 'Move'], ['Others', 'Copy']]'
INFO: 2024-02-25 13:58:08,548: log_options() 'fetched_folder = /home/kris/.config/variety/Fetched'
INFO: 2024-02-25 13:58:08,548: log_options() 'filters = [[False, 'Keep original', ''], [False, 'Grayscale', '-type Grayscale'], [False, 'Heavy blur', '-scale 20% -blur 0x10 -resize 500%'], [False, 'Soft blur', '-scale 20% -blur 0x2 -resize 500%'], [False, 'Oil painting', '-paint 8'], [False, 'Pointilism', '-spread 10 -noise 3'], [False, 'Pixellate', '-scale 3% -scale 3333%']]'
INFO: 2024-02-25 13:58:08,548: log_options() 'get_wallpaper_script = /home/kris/.config/variety/scripts/get_wallpaper'
INFO: 2024-02-25 13:58:08,549: log_options() 'icon = Light'
INFO: 2024-02-25 13:58:08,549: log_options() 'internet_enabled = False'
INFO: 2024-02-25 13:58:08,549: log_options() 'lightness_enabled = False'
INFO: 2024-02-25 13:58:08,549: log_options() 'lightness_mode = 0'
INFO: 2024-02-25 13:58:08,549: log_options() 'min_rating = 4'
INFO: 2024-02-25 13:58:08,549: log_options() 'min_rating_enabled = False'
INFO: 2024-02-25 13:58:08,549: log_options() 'min_size = 80'
INFO: 2024-02-25 13:58:08,549: log_options() 'min_size_enabled = False'
INFO: 2024-02-25 13:58:08,549: log_options() 'quota_enabled = True'
INFO: 2024-02-25 13:58:08,549: log_options() 'quota_size = 1000'
INFO: 2024-02-25 13:58:08,549: log_options() 'quotes_authors = '
INFO: 2024-02-25 13:58:08,549: log_options() 'quotes_bg_color = [80, 80, 80]'
INFO: 2024-02-25 13:58:08,549: log_options() 'quotes_bg_opacity = 55'
INFO: 2024-02-25 13:58:08,549: log_options() 'quotes_change_enabled = False'
INFO: 2024-02-25 13:58:08,549: log_options() 'quotes_change_interval = 300'
INFO: 2024-02-25 13:58:08,549: log_options() 'quotes_disabled_sources = ['Urban Dictionary']'
INFO: 2024-02-25 13:58:08,549: log_options() 'quotes_enabled = False'
INFO: 2024-02-25 13:58:08,549: log_options() 'quotes_favorites_file = /home/kris/.config/variety/favorite_quotes.txt'
INFO: 2024-02-25 13:58:08,549: log_options() 'quotes_font = Serif 30'
INFO: 2024-02-25 13:58:08,550: log_options() 'quotes_hpos = 100'
INFO: 2024-02-25 13:58:08,550: log_options() 'quotes_max_length = 250'
INFO: 2024-02-25 13:58:08,550: log_options() 'quotes_tags = '
INFO: 2024-02-25 13:58:08,550: log_options() 'quotes_text_color = [255, 255, 255]'
INFO: 2024-02-25 13:58:08,550: log_options() 'quotes_text_shadow = False'
INFO: 2024-02-25 13:58:08,550: log_options() 'quotes_vpos = 40'
INFO: 2024-02-25 13:58:08,550: log_options() 'quotes_width = 70'
INFO: 2024-02-25 13:58:08,550: log_options() 'safe_mode = False'
INFO: 2024-02-25 13:58:08,550: log_options() 'set_wallpaper_script = /home/kris/.config/variety/scripts/set_wallpaper'
INFO: 2024-02-25 13:58:08,550: log_options() 'slideshow_custom_enabled = False'
INFO: 2024-02-25 13:58:08,550: log_options() 'slideshow_custom_folder = /home/kris/Pictures'
INFO: 2024-02-25 13:58:08,550: log_options() 'slideshow_downloads_enabled = False'
INFO: 2024-02-25 13:58:08,550: log_options() 'slideshow_fade = 0.4'
INFO: 2024-02-25 13:58:08,550: log_options() 'slideshow_favorites_enabled = True'
INFO: 2024-02-25 13:58:08,550: log_options() 'slideshow_mode = Fullscreen'
INFO: 2024-02-25 13:58:08,550: log_options() 'slideshow_monitor = All'
INFO: 2024-02-25 13:58:08,550: log_options() 'slideshow_pan = 0.05'
INFO: 2024-02-25 13:58:08,550: log_options() 'slideshow_seconds = 6.0'
INFO: 2024-02-25 13:58:08,551: log_options() 'slideshow_sort_order = Random'
INFO: 2024-02-25 13:58:08,551: log_options() 'slideshow_sources_enabled = True'
INFO: 2024-02-25 13:58:08,551: log_options() 'slideshow_zoom = 0.2'
INFO: 2024-02-25 13:58:08,551: log_options() 'smart_enabled = False'
INFO: 2024-02-25 13:58:08,551: log_options() 'smart_notice_shown = False'
INFO: 2024-02-25 13:58:08,551: log_options() 'smart_register_shown = False'
INFO: 2024-02-25 13:58:08,551: log_options() 'sources = [[False, 'favorites', 'The Favorites folder'], [False, 'fetched', 'The Fetched folder'], [False, 'folder', '/usr/share/backgrounds'], [False, 'flickr', 'user:www.flickr.com/photos/peter-levi/;user_id:93647178@N00;'], [False, 'apod', "NASA's Astronomy Picture of the Day"], [False, 'bing', 'Bing Photo of the Day'], [False, 'earthview', 'Google Earth View Wallpapers'], [False, 'natgeo', "National Geographic's photo of the day"], [False, 'unsplash', 'High-resolution photos from Unsplash.com'], [True, 'folder', '/home/kris/wallpapers']]'
INFO: 2024-02-25 13:58:08,551: log_options() 'stats_enabled = True'
INFO: 2024-02-25 13:58:08,551: log_options() 'stats_notice_shown = False'
INFO: 2024-02-25 13:58:08,551: log_options() 'sync_enabled = True'
INFO: 2024-02-25 13:58:08,551: log_options() 'use_landscape_enabled = True'
INFO: 2024-02-25 13:58:08,551: log_options() 'wallhaven_api_key = '
INFO: 2024-02-25 13:58:08,551: log_options() 'wallpaper_auto_rotate = False'
INFO: 2024-02-25 13:58:08,551: log_options() 'wallpaper_display_mode = os'
INFO: 2024-02-25 13:58:08,552: reload_config() 'No need to clear prepared queue'
INFO: 2024-02-25 13:58:08,552: update_indicator() 'Setting file info to: /home/kris/wallpapers/one-piece-0007.jpg'
INFO: 2024-02-25 13:58:08,555: load_banned() 'Missing or invalid banned URLs list, no URLs will be banned'
INFO: 2024-02-25 13:58:08,556: load_last_change_time() 'Change interval < 6 hours, ignore persisted last_change_time, wait initially the whole interval: 300'
INFO: 2024-02-25 13:58:08,556: update_indicator() 'Setting file info to: /home/kris/wallpapers/one-piece-0007.jpg'
INFO: 2024-02-25 13:58:08,557: regular_change_thread() 'regular_change thread running'
INFO: 2024-02-25 13:58:08,558: prepare_thread() 'Prepare thread running'
INFO: 2024-02-25 13:58:08,558: prepare_thread() 'Prepared buffer contains 0 images'
INFO: 2024-02-25 13:58:08,559: prepare_thread() 'Preparing some images'
INFO: 2024-02-25 13:58:08,561: update_indicator_icon() 'Creating indicator'
WARNING: 2024-02-25 13:58:08,630: create_menu() 'Variety Slideshow is not installed. This is an optional extension adding pan-and-zoom slideshows to Variety: see https://github.com/peterlevi/variety-slideshow for details'
INFO: 2024-02-25 13:58:08,632: create_indicator() 'indicator backend: AppIndicator3'
INFO: 2024-02-25 13:58:08,656: do_set_wp() 'Calling do_set_wp with /home/kris/wallpapers/one-piece-0007.jpg, time: 1708887488.656506'
INFO: 2024-02-25 13:58:08,663: set_from_theme_icon() 'Showing indicator icon variety-indicator from GTK theme'
INFO: 2024-02-25 13:58:08,676: prepare_thread() 'After search prepared buffer contains 99 images'
INFO: 2024-02-25 13:58:08,683: update_indicator() 'Setting file info to: /home/kris/wallpapers/one-piece-0007.jpg'
INFO: 2024-02-25 13:58:08,684: list_files() 'More than 1 files in the folders, stop listing'
INFO: 2024-02-25 13:58:10,556: reload() 'Reloading preferences dialog'
INFO: 2024-02-25 13:58:10,677: trigger_download() 'Triggering download thread to check if download needed and possible'
INFO: 2024-02-25 13:58:13,558: set_wallpaper() 'Calling set_wallpaper with /home/kris/wallpapers/kiil-la-kill-0015.jpg'
INFO: 2024-02-25 13:58:13,558: prepare_thread() 'Prepared buffer contains 98 images'
INFO: 2024-02-25 13:58:13,558: do_set_wp() 'Calling do_set_wp with /home/kris/wallpapers/kiil-la-kill-0015.jpg, time: 1708887493.5588577'
INFO: 2024-02-25 13:58:13,569: update_indicator() 'Setting file info to: /home/kris/wallpapers/kiil-la-kill-0015.jpg'
INFO: 2024-02-25 13:58:13,573: list_files() 'More than 1 files in the folders, stop listing'
INFO: 2024-02-25 13:58:15,558: trigger_download() 'Triggering download thread to check if download needed and possible'
INFO: 2024-02-25 14:03:14,999: regular_change_thread() 'regular_change changes wallpaper'
INFO: 2024-02-25 14:03:14,999: set_wallpaper() 'Calling set_wallpaper with /home/kris/wallpapers/gundam-0020.jpg'
INFO: 2024-02-25 14:03:14,999: prepare_thread() 'Prepared buffer contains 97 images'
INFO: 2024-02-25 14:03:15,002: do_set_wp() 'Calling do_set_wp with /home/kris/wallpapers/gundam-0020.jpg, time: 1708887795.0022218'
INFO: 2024-02-25 14:03:15,013: update_indicator() 'Setting file info to: /home/kris/wallpapers/gundam-0020.jpg'
INFO: 2024-02-25 14:03:15,014: list_files() 'More than 1 files in the folders, stop listing'
INFO: 2024-02-25 14:03:17,002: trigger_download() 'Triggering download thread to check if download needed and possible'
INFO: 2024-02-25 14:08:16,281: regular_change_thread() 'regular_change changes wallpaper'
INFO: 2024-02-25 14:08:16,281: set_wallpaper() 'Calling set_wallpaper with /home/kris/wallpapers/gundam-0019.jpg'
INFO: 2024-02-25 14:08:16,282: do_set_wp() 'Calling do_set_wp with /home/kris/wallpapers/gundam-0019.jpg, time: 1708888096.2824953'
INFO: 2024-02-25 14:08:16,282: prepare_thread() 'Prepared buffer contains 96 images'
INFO: 2024-02-25 14:08:16,296: update_indicator() 'Setting file info to: /home/kris/wallpapers/gundam-0019.jpg'
INFO: 2024-02-25 14:08:16,296: list_files() 'More than 1 files in the folders, stop listing'
INFO: 2024-02-25 14:08:18,283: trigger_download() 'Triggering download thread to check if download needed and possible'
INFO: 2024-02-25 14:13:17,613: regular_change_thread() 'regular_change changes wallpaper'
INFO: 2024-02-25 14:13:17,614: set_wallpaper() 'Calling set_wallpaper with /home/kris/wallpapers/one-piece-0012.jpg'
INFO: 2024-02-25 14:13:17,614: prepare_thread() 'Prepared buffer contains 95 images'
INFO: 2024-02-25 14:13:17,614: do_set_wp() 'Calling do_set_wp with /home/kris/wallpapers/one-piece-0012.jpg, time: 1708888397.6146567'
INFO: 2024-02-25 14:13:17,625: update_indicator() 'Setting file info to: /home/kris/wallpapers/one-piece-0012.jpg'
INFO: 2024-02-25 14:13:17,625: list_files() 'More than 1 files in the folders, stop listing'
INFO: 2024-02-25 14:13:19,615: trigger_download() 'Triggering download thread to check if download needed and possible'
INFO: 2024-02-25 14:18:18,942: regular_change_thread() 'regular_change changes wallpaper'
INFO: 2024-02-25 14:18:18,943: set_wallpaper() 'Calling set_wallpaper with /home/kris/wallpapers/kiil-la-kill-0017.jpg'
INFO: 2024-02-25 14:18:18,943: prepare_thread() 'Prepared buffer contains 94 images'
INFO: 2024-02-25 14:18:18,944: do_set_wp() 'Calling do_set_wp with /home/kris/wallpapers/kiil-la-kill-0017.jpg, time: 1708888698.9443393'
INFO: 2024-02-25 14:18:18,954: update_indicator() 'Setting file info to: /home/kris/wallpapers/kiil-la-kill-0017.jpg'
INFO: 2024-02-25 14:18:18,955: list_files() 'More than 1 files in the folders, stop listing'
INFO: 2024-02-25 14:18:20,944: trigger_download() 'Triggering download thread to check if download needed and possible'
INFO: 2024-02-25 14:23:20,322: regular_change_thread() 'regular_change changes wallpaper'
INFO: 2024-02-25 14:23:20,322: set_wallpaper() 'Calling set_wallpaper with /home/kris/wallpapers/chainsaw-man-0001.jpg'
INFO: 2024-02-25 14:23:20,323: prepare_thread() 'Prepared buffer contains 93 images'
INFO: 2024-02-25 14:23:20,323: do_set_wp() 'Calling do_set_wp with /home/kris/wallpapers/chainsaw-man-0001.jpg, time: 1708889000.323733'
INFO: 2024-02-25 14:23:20,335: update_indicator() 'Setting file info to: /home/kris/wallpapers/chainsaw-man-0001.jpg'
INFO: 2024-02-25 14:23:20,336: list_files() 'More than 1 files in the folders, stop listing'
INFO: 2024-02-25 14:23:22,324: trigger_download() 'Triggering download thread to check if download needed and possible'
INFO: 2024-02-25 14:28:21,703: regular_change_thread() 'regular_change changes wallpaper'
INFO: 2024-02-25 14:28:21,703: set_wallpaper() 'Calling set_wallpaper with /home/kris/wallpapers/gundam-0012.jpg'
INFO: 2024-02-25 14:28:21,703: prepare_thread() 'Prepared buffer contains 92 images'
INFO: 2024-02-25 14:28:21,704: do_set_wp() 'Calling do_set_wp with /home/kris/wallpapers/gundam-0012.jpg, time: 1708889301.7042103'
INFO: 2024-02-25 14:28:21,714: update_indicator() 'Setting file info to: /home/kris/wallpapers/gundam-0012.jpg'
INFO: 2024-02-25 14:28:21,716: list_files() 'More than 1 files in the folders, stop listing'
INFO: 2024-02-25 14:28:23,704: trigger_download() 'Triggering download thread to check if download needed and possible'
INFO: 2024-02-25 14:33:23,032: regular_change_thread() 'regular_change changes wallpaper'
INFO: 2024-02-25 14:33:23,032: set_wallpaper() 'Calling set_wallpaper with /home/kris/wallpapers/warhammer-0003.jpg'
INFO: 2024-02-25 14:33:23,033: prepare_thread() 'Prepared buffer contains 91 images'
INFO: 2024-02-25 14:33:23,033: do_set_wp() 'Calling do_set_wp with /home/kris/wallpapers/warhammer-0003.jpg, time: 1708889603.0336251'
INFO: 2024-02-25 14:33:23,044: update_indicator() 'Setting file info to: /home/kris/wallpapers/warhammer-0003.jpg'
INFO: 2024-02-25 14:33:23,045: list_files() 'More than 1 files in the folders, stop listing'
INFO: 2024-02-25 14:33:25,034: trigger_download() 'Triggering download thread to check if download needed and possible'
INFO: 2024-02-25 14:38:24,362: regular_change_thread() 'regular_change changes wallpaper'
INFO: 2024-02-25 14:38:24,362: set_wallpaper() 'Calling set_wallpaper with /home/kris/wallpapers/toyko-ghoul-0010.jpg'
INFO: 2024-02-25 14:38:24,363: do_set_wp() 'Calling do_set_wp with /home/kris/wallpapers/toyko-ghoul-0010.jpg, time: 1708889904.363366'
INFO: 2024-02-25 14:38:24,363: prepare_thread() 'Prepared buffer contains 90 images'
INFO: 2024-02-25 14:38:24,374: update_indicator() 'Setting file info to: /home/kris/wallpapers/toyko-ghoul-0010.jpg'
INFO: 2024-02-25 14:38:24,375: list_files() 'More than 1 files in the folders, stop listing'
INFO: 2024-02-25 14:38:26,364: trigger_download() 'Triggering download thread to check if download needed and possible'
INFO: 2024-02-25 14:43:25,742: regular_change_thread() 'regular_change changes wallpaper'
INFO: 2024-02-25 14:43:25,742: set_wallpaper() 'Calling set_wallpaper with /home/kris/wallpapers/cyberpunk-0002.jpg'
INFO: 2024-02-25 14:43:25,742: prepare_thread() 'Prepared buffer contains 89 images'
INFO: 2024-02-25 14:43:25,743: do_set_wp() 'Calling do_set_wp with /home/kris/wallpapers/cyberpunk-0002.jpg, time: 1708890205.7432225'
INFO: 2024-02-25 14:43:25,753: update_indicator() 'Setting file info to: /home/kris/wallpapers/cyberpunk-0002.jpg'
INFO: 2024-02-25 14:43:25,754: list_files() 'More than 1 files in the folders, stop listing'
INFO: 2024-02-25 14:43:27,743: trigger_download() 'Triggering download thread to check if download needed and possible'
INFO: 2024-02-25 14:48:27,121: regular_change_thread() 'regular_change changes wallpaper'
INFO: 2024-02-25 14:48:27,121: set_wallpaper() 'Calling set_wallpaper with /home/kris/wallpapers/gundam-0017.jpg'
INFO: 2024-02-25 14:48:27,122: prepare_thread() 'Prepared buffer contains 88 images'
INFO: 2024-02-25 14:48:27,122: do_set_wp() 'Calling do_set_wp with /home/kris/wallpapers/gundam-0017.jpg, time: 1708890507.1229477'
INFO: 2024-02-25 14:48:27,133: update_indicator() 'Setting file info to: /home/kris/wallpapers/gundam-0017.jpg'
INFO: 2024-02-25 14:48:27,134: list_files() 'More than 1 files in the folders, stop listing'
INFO: 2024-02-25 14:48:29,123: trigger_download() 'Triggering download thread to check if download needed and possible'
INFO: 2024-02-25 14:53:28,502: regular_change_thread() 'regular_change changes wallpaper'
INFO: 2024-02-25 14:53:28,502: set_wallpaper() 'Calling set_wallpaper with /home/kris/wallpapers/kill-la-kill-0001.jpg'
INFO: 2024-02-25 14:53:28,503: prepare_thread() 'Prepared buffer contains 87 images'
INFO: 2024-02-25 14:53:28,503: do_set_wp() 'Calling do_set_wp with /home/kris/wallpapers/kill-la-kill-0001.jpg, time: 1708890808.5036836'
INFO: 2024-02-25 14:53:28,514: update_indicator() 'Setting file info to: /home/kris/wallpapers/kill-la-kill-0001.jpg'
INFO: 2024-02-25 14:53:28,515: list_files() 'More than 1 files in the folders, stop listing'
INFO: 2024-02-25 14:53:30,504: trigger_download() 'Triggering download thread to check if download needed and possible'
INFO: 2024-02-25 14:58:29,882: regular_change_thread() 'regular_change changes wallpaper'
INFO: 2024-02-25 14:58:29,883: set_wallpaper() 'Calling set_wallpaper with /home/kris/wallpapers/kill-la-kill-0008.png'
INFO: 2024-02-25 14:58:29,883: prepare_thread() 'Prepared buffer contains 86 images'
INFO: 2024-02-25 14:58:29,884: do_set_wp() 'Calling do_set_wp with /home/kris/wallpapers/kill-la-kill-0008.png, time: 1708891109.8839996'
INFO: 2024-02-25 14:58:29,894: update_indicator() 'Setting file info to: /home/kris/wallpapers/kill-la-kill-0008.png'
INFO: 2024-02-25 14:58:29,896: list_files() 'More than 1 files in the folders, stop listing'
INFO: 2024-02-25 14:58:31,884: trigger_download() 'Triggering download thread to check if download needed and possible'
INFO: 2024-02-25 15:03:31,262: regular_change_thread() 'regular_change changes wallpaper'
INFO: 2024-02-25 15:03:31,263: set_wallpaper() 'Calling set_wallpaper with /home/kris/wallpapers/attack-on-titan-0003.jpg'
INFO: 2024-02-25 15:03:31,263: prepare_thread() 'Prepared buffer contains 85 images'
INFO: 2024-02-25 15:03:31,263: do_set_wp() 'Calling do_set_wp with /home/kris/wallpapers/attack-on-titan-0003.jpg, time: 1708891411.263908'
INFO: 2024-02-25 15:03:31,277: update_indicator() 'Setting file info to: /home/kris/wallpapers/attack-on-titan-0003.jpg'
INFO: 2024-02-25 15:03:31,277: list_files() 'More than 1 files in the folders, stop listing'
INFO: 2024-02-25 15:03:33,264: trigger_download() 'Triggering download thread to check if download needed and possible'
INFO: 2024-02-25 15:08:32,594: regular_change_thread() 'regular_change changes wallpaper'
INFO: 2024-02-25 15:08:32,595: set_wallpaper() 'Calling set_wallpaper with /home/kris/wallpapers/archlinux-0001.jpg'
INFO: 2024-02-25 15:08:32,595: prepare_thread() 'Prepared buffer contains 84 images'
INFO: 2024-02-25 15:08:32,595: do_set_wp() 'Calling do_set_wp with /home/kris/wallpapers/archlinux-0001.jpg, time: 1708891712.5958443'
INFO: 2024-02-25 15:08:32,606: update_indicator() 'Setting file info to: /home/kris/wallpapers/archlinux-0001.jpg'
INFO: 2024-02-25 15:08:32,607: list_files() 'More than 1 files in the folders, stop listing'
INFO: 2024-02-25 15:08:34,596: trigger_download() 'Triggering download thread to check if download needed and possible'
INFO: 2024-02-25 15:13:33,924: regular_change_thread() 'regular_change changes wallpaper'
INFO: 2024-02-25 15:13:33,924: set_wallpaper() 'Calling set_wallpaper with /home/kris/wallpapers/gundam-0004.jpg'
INFO: 2024-02-25 15:13:33,924: prepare_thread() 'Prepared buffer contains 83 images'
INFO: 2024-02-25 15:13:33,925: do_set_wp() 'Calling do_set_wp with /home/kris/wallpapers/gundam-0004.jpg, time: 1708892013.9259062'
INFO: 2024-02-25 15:13:33,937: update_indicator() 'Setting file info to: /home/kris/wallpapers/gundam-0004.jpg'
INFO: 2024-02-25 15:13:33,938: list_files() 'More than 1 files in the folders, stop listing'
INFO: 2024-02-25 15:13:35,925: trigger_download() 'Triggering download thread to check if download needed and possible'
INFO: 2024-02-25 15:18:35,255: regular_change_thread() 'regular_change changes wallpaper'
INFO: 2024-02-25 15:18:35,256: set_wallpaper() 'Calling set_wallpaper with /home/kris/wallpapers/toyko-ghoul-0009.jpg'
INFO: 2024-02-25 15:18:35,256: prepare_thread() 'Prepared buffer contains 82 images'
INFO: 2024-02-25 15:18:35,256: do_set_wp() 'Calling do_set_wp with /home/kris/wallpapers/toyko-ghoul-0009.jpg, time: 1708892315.2568412'
INFO: 2024-02-25 15:18:35,268: update_indicator() 'Setting file info to: /home/kris/wallpapers/toyko-ghoul-0009.jpg'
INFO: 2024-02-25 15:18:35,269: list_files() 'More than 1 files in the folders, stop listing'
INFO: 2024-02-25 15:18:37,257: trigger_download() 'Triggering download thread to check if download needed and possible'
INFO: 2024-02-25 15:23:36,585: regular_change_thread() 'regular_change changes wallpaper'
INFO: 2024-02-25 15:23:36,585: set_wallpaper() 'Calling set_wallpaper with /home/kris/wallpapers/kill-la-kill-0016.png'
INFO: 2024-02-25 15:23:36,586: do_set_wp() 'Calling do_set_wp with /home/kris/wallpapers/kill-la-kill-0016.png, time: 1708892616.586099'
INFO: 2024-02-25 15:23:36,586: prepare_thread() 'Prepared buffer contains 81 images'
INFO: 2024-02-25 15:23:36,600: update_indicator() 'Setting file info to: /home/kris/wallpapers/kill-la-kill-0016.png'
INFO: 2024-02-25 15:23:36,608: list_files() 'More than 1 files in the folders, stop listing'
INFO: 2024-02-25 15:23:38,587: trigger_download() 'Triggering download thread to check if download needed and possible'
INFO: 2024-02-25 15:28:37,917: regular_change_thread() 'regular_change changes wallpaper'
INFO: 2024-02-25 15:28:37,918: set_wallpaper() 'Calling set_wallpaper with /home/kris/wallpapers/one-punch-man-0001.jpg'
INFO: 2024-02-25 15:28:37,918: prepare_thread() 'Prepared buffer contains 80 images'
INFO: 2024-02-25 15:28:37,918: do_set_wp() 'Calling do_set_wp with /home/kris/wallpapers/one-punch-man-0001.jpg, time: 1708892917.918961'
INFO: 2024-02-25 15:28:37,929: update_indicator() 'Setting file info to: /home/kris/wallpapers/one-punch-man-0001.jpg'
INFO: 2024-02-25 15:28:37,930: list_files() 'More than 1 files in the folders, stop listing'
INFO: 2024-02-25 15:28:39,919: trigger_download() 'Triggering download thread to check if download needed and possible'
INFO: 2024-02-25 15:33:39,298: regular_change_thread() 'regular_change changes wallpaper'
INFO: 2024-02-25 15:33:39,298: set_wallpaper() 'Calling set_wallpaper with /home/kris/wallpapers/gundam-0021.jpg'
INFO: 2024-02-25 15:33:39,299: do_set_wp() 'Calling do_set_wp with /home/kris/wallpapers/gundam-0021.jpg, time: 1708893219.2990432'
INFO: 2024-02-25 15:33:39,299: prepare_thread() 'Prepared buffer contains 79 images'
INFO: 2024-02-25 15:33:39,311: update_indicator() 'Setting file info to: /home/kris/wallpapers/gundam-0021.jpg'
INFO: 2024-02-25 15:33:39,312: list_files() 'More than 1 files in the folders, stop listing'
INFO: 2024-02-25 15:33:41,300: trigger_download() 'Triggering download thread to check if download needed and possible'
INFO: 2024-02-25 15:38:40,629: regular_change_thread() 'regular_change changes wallpaper'
INFO: 2024-02-25 15:38:40,629: set_wallpaper() 'Calling set_wallpaper with /home/kris/wallpapers/kill-la-kill-0003.jpg'
INFO: 2024-02-25 15:38:40,629: prepare_thread() 'Prepared buffer contains 78 images'
INFO: 2024-02-25 15:38:40,629: do_set_wp() 'Calling do_set_wp with /home/kris/wallpapers/kill-la-kill-0003.jpg, time: 1708893520.6299713'
INFO: 2024-02-25 15:38:40,642: update_indicator() 'Setting file info to: /home/kris/wallpapers/kill-la-kill-0003.jpg'
INFO: 2024-02-25 15:38:40,642: list_files() 'More than 1 files in the folders, stop listing'
INFO: 2024-02-25 15:38:42,630: trigger_download() 'Triggering download thread to check if download needed and possible'
INFO: 2024-02-25 15:43:42,010: regular_change_thread() 'regular_change changes wallpaper'
INFO: 2024-02-25 15:43:42,010: set_wallpaper() 'Calling set_wallpaper with /home/kris/wallpapers/chainsaw-man-0004.jpg'
INFO: 2024-02-25 15:43:42,010: prepare_thread() 'Prepared buffer contains 77 images'
INFO: 2024-02-25 15:43:42,011: do_set_wp() 'Calling do_set_wp with /home/kris/wallpapers/chainsaw-man-0004.jpg, time: 1708893822.0110404'
INFO: 2024-02-25 15:43:42,023: update_indicator() 'Setting file info to: /home/kris/wallpapers/chainsaw-man-0004.jpg'
INFO: 2024-02-25 15:43:42,025: list_files() 'More than 1 files in the folders, stop listing'
INFO: 2024-02-25 15:43:44,011: trigger_download() 'Triggering download thread to check if download needed and possible'
INFO: 2024-02-25 15:48:43,390: regular_change_thread() 'regular_change changes wallpaper'
INFO: 2024-02-25 15:48:43,391: set_wallpaper() 'Calling set_wallpaper with /home/kris/wallpapers/gundam-0016.jpg'
INFO: 2024-02-25 15:48:43,391: prepare_thread() 'Prepared buffer contains 76 images'
INFO: 2024-02-25 15:48:43,391: do_set_wp() 'Calling do_set_wp with /home/kris/wallpapers/gundam-0016.jpg, time: 1708894123.391867'
INFO: 2024-02-25 15:48:43,402: update_indicator() 'Setting file info to: /home/kris/wallpapers/gundam-0016.jpg'
INFO: 2024-02-25 15:48:43,402: list_files() 'More than 1 files in the folders, stop listing'
INFO: 2024-02-25 15:48:45,392: trigger_download() 'Triggering download thread to check if download needed and possible'
INFO: 2024-02-25 15:53:44,775: regular_change_thread() 'regular_change changes wallpaper'
INFO: 2024-02-25 15:53:44,775: set_wallpaper() 'Calling set_wallpaper with /home/kris/wallpapers/attack-on-titan-0009.jpg'
INFO: 2024-02-25 15:53:44,776: prepare_thread() 'Prepared buffer contains 75 images'
INFO: 2024-02-25 15:53:44,777: do_set_wp() 'Calling do_set_wp with /home/kris/wallpapers/attack-on-titan-0009.jpg, time: 1708894424.7773037'
INFO: 2024-02-25 15:53:44,787: update_indicator() 'Setting file info to: /home/kris/wallpapers/attack-on-titan-0009.jpg'
INFO: 2024-02-25 15:53:44,788: list_files() 'More than 1 files in the folders, stop listing'
INFO: 2024-02-25 15:53:46,777: trigger_download() 'Triggering download thread to check if download needed and possible'
INFO: 2024-02-25 15:58:46,155: regular_change_thread() 'regular_change changes wallpaper'
INFO: 2024-02-25 15:58:46,156: set_wallpaper() 'Calling set_wallpaper with /home/kris/wallpapers/gundam-0003.jpg'
INFO: 2024-02-25 15:58:46,156: prepare_thread() 'Prepared buffer contains 74 images'
INFO: 2024-02-25 15:58:46,156: do_set_wp() 'Calling do_set_wp with /home/kris/wallpapers/gundam-0003.jpg, time: 1708894726.1567214'
INFO: 2024-02-25 15:58:46,167: update_indicator() 'Setting file info to: /home/kris/wallpapers/gundam-0003.jpg'
INFO: 2024-02-25 15:58:46,168: list_files() 'More than 1 files in the folders, stop listing'
INFO: 2024-02-25 15:58:48,156: trigger_download() 'Triggering download thread to check if download needed and possible'
INFO: 2024-02-25 16:03:47,537: regular_change_thread() 'regular_change changes wallpaper'
INFO: 2024-02-25 16:03:47,537: set_wallpaper() 'Calling set_wallpaper with /home/kris/wallpapers/gundam-0018.jpg'
INFO: 2024-02-25 16:03:47,537: prepare_thread() 'Prepared buffer contains 73 images'
INFO: 2024-02-25 16:03:47,537: do_set_wp() 'Calling do_set_wp with /home/kris/wallpapers/gundam-0018.jpg, time: 1708895027.5378716'
INFO: 2024-02-25 16:03:47,551: update_indicator() 'Setting file info to: /home/kris/wallpapers/gundam-0018.jpg'
INFO: 2024-02-25 16:03:47,551: list_files() 'More than 1 files in the folders, stop listing'
INFO: 2024-02-25 16:03:49,538: trigger_download() 'Triggering download thread to check if download needed and possible'
